{"/Users/andeladeveloper/checkpoint2/server/server.js":{"path":"/Users/andeladeveloper/checkpoint2/server/server.js","statementMap":{"0":{"start":{"line":3,"column":0},"end":{"line":5,"column":3}},"1":{"start":{"line":7,"column":15},"end":{"line":7,"column":33}},"2":{"start":{"line":9,"column":16},"end":{"line":9,"column":48}},"3":{"start":{"line":11,"column":12},"end":{"line":11,"column":27}},"4":{"start":{"line":13,"column":13},"end":{"line":13,"column":42}},"5":{"start":{"line":15,"column":18},"end":{"line":15,"column":40}},"6":{"start":{"line":17,"column":19},"end":{"line":17,"column":54}},"7":{"start":{"line":19,"column":15},"end":{"line":19,"column":33}},"8":{"start":{"line":21,"column":16},"end":{"line":21,"column":48}},"9":{"start":{"line":23,"column":28},"end":{"line":23,"column":61}},"10":{"start":{"line":25,"column":29},"end":{"line":25,"column":74}},"11":{"start":{"line":27,"column":28},"end":{"line":27,"column":61}},"12":{"start":{"line":29,"column":29},"end":{"line":29,"column":74}},"13":{"start":{"line":31,"column":21},"end":{"line":31,"column":53}},"14":{"start":{"line":33,"column":22},"end":{"line":33,"column":60}},"15":{"start":{"line":35,"column":12},"end":{"line":35,"column":36}},"16":{"start":{"line":37,"column":13},"end":{"line":37,"column":42}},"17":{"start":{"line":39,"column":13},"end":{"line":39,"column":38}},"18":{"start":{"line":41,"column":14},"end":{"line":41,"column":44}},"19":{"start":{"line":43,"column":13},"end":{"line":43,"column":38}},"20":{"start":{"line":45,"column":14},"end":{"line":45,"column":44}},"21":{"start":{"line":47,"column":14},"end":{"line":47,"column":40}},"22":{"start":{"line":49,"column":15},"end":{"line":49,"column":46}},"23":{"start":{"line":51,"column":17},"end":{"line":51,"column":46}},"24":{"start":{"line":53,"column":18},"end":{"line":53,"column":52}},"25":{"start":{"line":55,"column":39},"end":{"line":55,"column":93}},"26":{"start":{"line":57,"column":10},"end":{"line":57,"column":34}},"27":{"start":{"line":59,"column":0},"end":{"line":59,"column":61}},"28":{"start":{"line":60,"column":0},"end":{"line":60,"column":37}},"29":{"start":{"line":62,"column":0},"end":{"line":62,"column":39}},"30":{"start":{"line":63,"column":0},"end":{"line":63,"column":39}},"31":{"start":{"line":64,"column":0},"end":{"line":64,"column":39}},"32":{"start":{"line":65,"column":0},"end":{"line":65,"column":47}},"33":{"start":{"line":66,"column":0},"end":{"line":66,"column":41}},"34":{"start":{"line":68,"column":15},"end":{"line":68,"column":62}},"35":{"start":{"line":70,"column":0},"end":{"line":74,"column":4}},"36":{"start":{"line":76,"column":0},"end":{"line":76,"column":55}},"37":{"start":{"line":78,"column":0},"end":{"line":80,"column":3}},"38":{"start":{"line":79,"column":2},"end":{"line":79,"column":61}},"39":{"start":{"line":82,"column":0},"end":{"line":82,"column":37}},"40":{"start":{"line":84,"column":0},"end":{"line":84,"column":22}}},"fnMap":{"0":{"name":"_interopRequireDefault","decl":{"start":{"line":55,"column":9},"end":{"line":55,"column":31}},"loc":{"start":{"line":55,"column":37},"end":{"line":55,"column":95}},"line":55},"1":{"name":"(anonymous_1)","decl":{"start":{"line":78,"column":14},"end":{"line":78,"column":15}},"loc":{"start":{"line":78,"column":34},"end":{"line":80,"column":1}},"line":78}},"branchMap":{"0":{"loc":{"start":{"line":55,"column":46},"end":{"line":55,"column":92}},"type":"cond-expr","locations":[{"start":{"line":55,"column":70},"end":{"line":55,"column":73}},{"start":{"line":55,"column":76},"end":{"line":55,"column":92}}],"line":55},"1":{"loc":{"start":{"line":55,"column":46},"end":{"line":55,"column":67}},"type":"binary-expr","locations":[{"start":{"line":55,"column":46},"end":{"line":55,"column":49}},{"start":{"line":55,"column":53},"end":{"line":55,"column":67}}],"line":55},"2":{"loc":{"start":{"line":82,"column":11},"end":{"line":82,"column":35}},"type":"binary-expr","locations":[{"start":{"line":82,"column":11},"end":{"line":82,"column":27}},{"start":{"line":82,"column":31},"end":{"line":82,"column":35}}],"line":82}},"s":{"0":1,"1":1,"2":1,"3":1,"4":1,"5":1,"6":1,"7":1,"8":1,"9":1,"10":1,"11":1,"12":1,"13":1,"14":1,"15":1,"16":1,"17":1,"18":1,"19":1,"20":1,"21":1,"22":1,"23":1,"24":1,"25":12,"26":1,"27":1,"28":1,"29":1,"30":1,"31":1,"32":1,"33":1,"34":1,"35":1,"36":1,"37":1,"38":0,"39":1,"40":1},"f":{"0":12,"1":0},"b":{"0":[6,6],"1":[12,12],"2":[1,0]},"_coverageSchema":"332fd63041d2c1bcb487cc26dd0d5f7d97098a6c","hash":"9f4be287dec5671126d479b553d3a43b934ef600","contentHash":"d3b4b0fd0b73189dfcccfc25a59ca06b_11.0.2"},"/Users/andeladeveloper/checkpoint2/webpack.config.dev.js":{"path":"/Users/andeladeveloper/checkpoint2/webpack.config.dev.js","statementMap":{"0":{"start":{"line":3,"column":0},"end":{"line":5,"column":3}},"1":{"start":{"line":7,"column":12},"end":{"line":7,"column":27}},"2":{"start":{"line":9,"column":13},"end":{"line":9,"column":42}},"3":{"start":{"line":11,"column":15},"end":{"line":11,"column":33}},"4":{"start":{"line":13,"column":16},"end":{"line":13,"column":48}},"5":{"start":{"line":15,"column":39},"end":{"line":15,"column":93}},"6":{"start":{"line":17,"column":0},"end":{"line":37,"column":2}}},"fnMap":{"0":{"name":"_interopRequireDefault","decl":{"start":{"line":15,"column":9},"end":{"line":15,"column":31}},"loc":{"start":{"line":15,"column":37},"end":{"line":15,"column":95}},"line":15}},"branchMap":{"0":{"loc":{"start":{"line":15,"column":46},"end":{"line":15,"column":92}},"type":"cond-expr","locations":[{"start":{"line":15,"column":70},"end":{"line":15,"column":73}},{"start":{"line":15,"column":76},"end":{"line":15,"column":92}}],"line":15},"1":{"loc":{"start":{"line":15,"column":46},"end":{"line":15,"column":67}},"type":"binary-expr","locations":[{"start":{"line":15,"column":46},"end":{"line":15,"column":49}},{"start":{"line":15,"column":53},"end":{"line":15,"column":67}}],"line":15}},"s":{"0":1,"1":1,"2":1,"3":1,"4":1,"5":2,"6":1},"f":{"0":2},"b":{"0":[0,2],"1":[2,2]},"_coverageSchema":"332fd63041d2c1bcb487cc26dd0d5f7d97098a6c","hash":"ab8386a9d639c6115cb99a522db2b13b47a0088b","contentHash":"8fa964bf193d169cd7f86798cfe9b592_11.0.2"},"/Users/andeladeveloper/checkpoint2/server/routes/auth.js":{"path":"/Users/andeladeveloper/checkpoint2/server/routes/auth.js","statementMap":{"0":{"start":{"line":3,"column":0},"end":{"line":5,"column":3}},"1":{"start":{"line":7,"column":15},"end":{"line":7,"column":33}},"2":{"start":{"line":9,"column":16},"end":{"line":9,"column":48}},"3":{"start":{"line":11,"column":14},"end":{"line":11,"column":31}},"4":{"start":{"line":13,"column":15},"end":{"line":13,"column":46}},"5":{"start":{"line":15,"column":20},"end":{"line":15,"column":43}},"6":{"start":{"line":17,"column":21},"end":{"line":17,"column":58}},"7":{"start":{"line":19,"column":14},"end":{"line":19,"column":40}},"8":{"start":{"line":21,"column":15},"end":{"line":21,"column":46}},"9":{"start":{"line":23,"column":13},"end":{"line":23,"column":50}},"10":{"start":{"line":25,"column":14},"end":{"line":25,"column":44}},"11":{"start":{"line":27,"column":39},"end":{"line":27,"column":93}},"12":{"start":{"line":29,"column":11},"end":{"line":29,"column":36}},"13":{"start":{"line":31,"column":13},"end":{"line":31,"column":39}},"14":{"start":{"line":33,"column":0},"end":{"line":70,"column":3}},"15":{"start":{"line":34,"column":23},"end":{"line":34,"column":53}},"16":{"start":{"line":35,"column":15},"end":{"line":35,"column":36}},"17":{"start":{"line":36,"column":16},"end":{"line":36,"column":38}},"18":{"start":{"line":38,"column":2},"end":{"line":40,"column":3}},"19":{"start":{"line":39,"column":4},"end":{"line":39,"column":40}},"20":{"start":{"line":41,"column":2},"end":{"line":69,"column":5}},"21":{"start":{"line":46,"column":4},"end":{"line":50,"column":5}},"22":{"start":{"line":47,"column":6},"end":{"line":49,"column":9}},"23":{"start":{"line":51,"column":4},"end":{"line":66,"column":5}},"24":{"start":{"line":52,"column":18},"end":{"line":55,"column":36}},"25":{"start":{"line":56,"column":6},"end":{"line":60,"column":9}},"26":{"start":{"line":62,"column":6},"end":{"line":65,"column":9}},"27":{"start":{"line":68,"column":4},"end":{"line":68,"column":39}},"28":{"start":{"line":72,"column":0},"end":{"line":72,"column":23}},"29":{"start":{"line":74,"column":0},"end":{"line":74,"column":25}}},"fnMap":{"0":{"name":"_interopRequireDefault","decl":{"start":{"line":27,"column":9},"end":{"line":27,"column":31}},"loc":{"start":{"line":27,"column":37},"end":{"line":27,"column":95}},"line":27},"1":{"name":"(anonymous_1)","decl":{"start":{"line":33,"column":22},"end":{"line":33,"column":23}},"loc":{"start":{"line":33,"column":42},"end":{"line":70,"column":1}},"line":33},"2":{"name":"(anonymous_2)","decl":{"start":{"line":45,"column":10},"end":{"line":45,"column":11}},"loc":{"start":{"line":45,"column":26},"end":{"line":67,"column":3}},"line":45},"3":{"name":"(anonymous_3)","decl":{"start":{"line":67,"column":11},"end":{"line":67,"column":12}},"loc":{"start":{"line":67,"column":28},"end":{"line":69,"column":3}},"line":67}},"branchMap":{"0":{"loc":{"start":{"line":27,"column":46},"end":{"line":27,"column":92}},"type":"cond-expr","locations":[{"start":{"line":27,"column":70},"end":{"line":27,"column":73}},{"start":{"line":27,"column":76},"end":{"line":27,"column":92}}],"line":27},"1":{"loc":{"start":{"line":27,"column":46},"end":{"line":27,"column":67}},"type":"binary-expr","locations":[{"start":{"line":27,"column":46},"end":{"line":27,"column":49}},{"start":{"line":27,"column":53},"end":{"line":27,"column":67}}],"line":27},"2":{"loc":{"start":{"line":38,"column":2},"end":{"line":40,"column":3}},"type":"if","locations":[{"start":{"line":38,"column":2},"end":{"line":40,"column":3}},{"start":{"line":38,"column":2},"end":{"line":40,"column":3}}],"line":38},"3":{"loc":{"start":{"line":46,"column":4},"end":{"line":50,"column":5}},"type":"if","locations":[{"start":{"line":46,"column":4},"end":{"line":50,"column":5}},{"start":{"line":46,"column":4},"end":{"line":50,"column":5}}],"line":46},"4":{"loc":{"start":{"line":51,"column":4},"end":{"line":66,"column":5}},"type":"if","locations":[{"start":{"line":51,"column":4},"end":{"line":66,"column":5}},{"start":{"line":51,"column":4},"end":{"line":66,"column":5}}],"line":51}},"s":{"0":1,"1":1,"2":1,"3":1,"4":1,"5":1,"6":1,"7":1,"8":1,"9":1,"10":1,"11":5,"12":1,"13":1,"14":1,"15":0,"16":0,"17":0,"18":0,"19":0,"20":0,"21":0,"22":0,"23":0,"24":0,"25":0,"26":0,"27":0,"28":1,"29":1},"f":{"0":5,"1":0,"2":0,"3":0},"b":{"0":[2,3],"1":[5,5],"2":[0,0],"3":[0,0],"4":[0,0]},"_coverageSchema":"332fd63041d2c1bcb487cc26dd0d5f7d97098a6c","hash":"c44394baef3dd336329c140945a2119917147afd","contentHash":"6670c232cd65ff90f5d9803610242af7_11.0.2"},"/Users/andeladeveloper/checkpoint2/server/routes/config/config.js":{"path":"/Users/andeladeveloper/checkpoint2/server/routes/config/config.js","statementMap":{"0":{"start":{"line":3,"column":0},"end":{"line":5,"column":3}},"1":{"start":{"line":6,"column":0},"end":{"line":8,"column":2}}},"fnMap":{},"branchMap":{},"s":{"0":1,"1":1},"f":{},"b":{},"_coverageSchema":"332fd63041d2c1bcb487cc26dd0d5f7d97098a6c","hash":"7f53935ef1a70af0d3e68a2f88a2cd3742e7fc1b","contentHash":"c566b70c4e571b27e75506d94bdcdfa4_11.0.2"},"/Users/andeladeveloper/checkpoint2/server/shared/validators/login.js":{"path":"/Users/andeladeveloper/checkpoint2/server/shared/validators/login.js","statementMap":{"0":{"start":{"line":3,"column":0},"end":{"line":5,"column":3}},"1":{"start":{"line":7,"column":17},"end":{"line":7,"column":37}},"2":{"start":{"line":9,"column":18},"end":{"line":9,"column":52}},"3":{"start":{"line":11,"column":15},"end":{"line":11,"column":40}},"4":{"start":{"line":13,"column":16},"end":{"line":13,"column":48}},"5":{"start":{"line":15,"column":39},"end":{"line":15,"column":93}},"6":{"start":{"line":17,"column":20},"end":{"line":29,"column":1}},"7":{"start":{"line":18,"column":15},"end":{"line":18,"column":17}},"8":{"start":{"line":19,"column":2},"end":{"line":21,"column":3}},"9":{"start":{"line":20,"column":4},"end":{"line":20,"column":56}},"10":{"start":{"line":22,"column":2},"end":{"line":24,"column":3}},"11":{"start":{"line":23,"column":4},"end":{"line":23,"column":49}},"12":{"start":{"line":25,"column":2},"end":{"line":28,"column":4}},"13":{"start":{"line":31,"column":0},"end":{"line":31,"column":32}}},"fnMap":{"0":{"name":"_interopRequireDefault","decl":{"start":{"line":15,"column":9},"end":{"line":15,"column":31}},"loc":{"start":{"line":15,"column":37},"end":{"line":15,"column":95}},"line":15},"1":{"name":"validateLogin","decl":{"start":{"line":17,"column":29},"end":{"line":17,"column":42}},"loc":{"start":{"line":17,"column":49},"end":{"line":29,"column":1}},"line":17}},"branchMap":{"0":{"loc":{"start":{"line":15,"column":46},"end":{"line":15,"column":92}},"type":"cond-expr","locations":[{"start":{"line":15,"column":70},"end":{"line":15,"column":73}},{"start":{"line":15,"column":76},"end":{"line":15,"column":92}}],"line":15},"1":{"loc":{"start":{"line":15,"column":46},"end":{"line":15,"column":67}},"type":"binary-expr","locations":[{"start":{"line":15,"column":46},"end":{"line":15,"column":49}},{"start":{"line":15,"column":53},"end":{"line":15,"column":67}}],"line":15},"2":{"loc":{"start":{"line":19,"column":2},"end":{"line":21,"column":3}},"type":"if","locations":[{"start":{"line":19,"column":2},"end":{"line":21,"column":3}},{"start":{"line":19,"column":2},"end":{"line":21,"column":3}}],"line":19},"3":{"loc":{"start":{"line":19,"column":6},"end":{"line":19,"column":83}},"type":"binary-expr","locations":[{"start":{"line":19,"column":6},"end":{"line":19,"column":35}},{"start":{"line":19,"column":39},"end":{"line":19,"column":83}}],"line":19},"4":{"loc":{"start":{"line":22,"column":2},"end":{"line":24,"column":3}},"type":"if","locations":[{"start":{"line":22,"column":2},"end":{"line":24,"column":3}},{"start":{"line":22,"column":2},"end":{"line":24,"column":3}}],"line":22},"5":{"loc":{"start":{"line":22,"column":6},"end":{"line":22,"column":79}},"type":"binary-expr","locations":[{"start":{"line":22,"column":6},"end":{"line":22,"column":33}},{"start":{"line":22,"column":37},"end":{"line":22,"column":79}}],"line":22}},"s":{"0":1,"1":1,"2":1,"3":1,"4":1,"5":2,"6":1,"7":0,"8":0,"9":0,"10":0,"11":0,"12":0,"13":1},"f":{"0":2,"1":0},"b":{"0":[0,2],"1":[2,2],"2":[0,0],"3":[0,0],"4":[0,0],"5":[0,0]},"_coverageSchema":"332fd63041d2c1bcb487cc26dd0d5f7d97098a6c","hash":"352b34bff142bf7ebba73b32547e40dc730f7e08","contentHash":"3df53c0aa4dc201afeb979f68d7a5b73_11.0.2"},"/Users/andeladeveloper/checkpoint2/server/models/index.js":{"path":"/Users/andeladeveloper/checkpoint2/server/models/index.js","statementMap":{"0":{"start":{"line":3,"column":9},"end":{"line":3,"column":22}},"1":{"start":{"line":4,"column":11},"end":{"line":4,"column":26}},"2":{"start":{"line":5,"column":16},"end":{"line":5,"column":36}},"3":{"start":{"line":7,"column":15},"end":{"line":7,"column":45}},"4":{"start":{"line":8,"column":10},"end":{"line":8,"column":47}},"5":{"start":{"line":9,"column":13},"end":{"line":9,"column":50}},"6":{"start":{"line":11,"column":9},"end":{"line":11,"column":11}},"7":{"start":{"line":13,"column":16},"end":{"line":13,"column":22}},"8":{"start":{"line":14,"column":0},"end":{"line":18,"column":1}},"9":{"start":{"line":15,"column":2},"end":{"line":15,"column":66}},"10":{"start":{"line":17,"column":2},"end":{"line":17,"column":87}},"11":{"start":{"line":20,"column":0},"end":{"line":25,"column":3}},"12":{"start":{"line":21,"column":2},"end":{"line":21,"column":82}},"13":{"start":{"line":23,"column":14},"end":{"line":23,"column":58}},"14":{"start":{"line":24,"column":2},"end":{"line":24,"column":25}},"15":{"start":{"line":27,"column":0},"end":{"line":31,"column":3}},"16":{"start":{"line":28,"column":2},"end":{"line":30,"column":3}},"17":{"start":{"line":29,"column":4},"end":{"line":29,"column":32}},"18":{"start":{"line":33,"column":0},"end":{"line":33,"column":25}},"19":{"start":{"line":34,"column":0},"end":{"line":34,"column":25}},"20":{"start":{"line":36,"column":0},"end":{"line":36,"column":20}}},"fnMap":{"0":{"name":"(anonymous_0)","decl":{"start":{"line":20,"column":33},"end":{"line":20,"column":34}},"loc":{"start":{"line":20,"column":49},"end":{"line":22,"column":1}},"line":20},"1":{"name":"(anonymous_1)","decl":{"start":{"line":22,"column":11},"end":{"line":22,"column":12}},"loc":{"start":{"line":22,"column":27},"end":{"line":25,"column":1}},"line":22},"2":{"name":"(anonymous_2)","decl":{"start":{"line":27,"column":24},"end":{"line":27,"column":25}},"loc":{"start":{"line":27,"column":45},"end":{"line":31,"column":1}},"line":27}},"branchMap":{"0":{"loc":{"start":{"line":8,"column":10},"end":{"line":8,"column":47}},"type":"binary-expr","locations":[{"start":{"line":8,"column":10},"end":{"line":8,"column":30}},{"start":{"line":8,"column":34},"end":{"line":8,"column":47}}],"line":8},"1":{"loc":{"start":{"line":14,"column":0},"end":{"line":18,"column":1}},"type":"if","locations":[{"start":{"line":14,"column":0},"end":{"line":18,"column":1}},{"start":{"line":14,"column":0},"end":{"line":18,"column":1}}],"line":14},"2":{"loc":{"start":{"line":21,"column":9},"end":{"line":21,"column":81}},"type":"binary-expr","locations":[{"start":{"line":21,"column":9},"end":{"line":21,"column":32}},{"start":{"line":21,"column":36},"end":{"line":21,"column":53}},{"start":{"line":21,"column":57},"end":{"line":21,"column":81}}],"line":21},"3":{"loc":{"start":{"line":28,"column":2},"end":{"line":30,"column":3}},"type":"if","locations":[{"start":{"line":28,"column":2},"end":{"line":30,"column":3}},{"start":{"line":28,"column":2},"end":{"line":30,"column":3}}],"line":28}},"s":{"0":1,"1":1,"2":1,"3":1,"4":1,"5":1,"6":1,"7":1,"8":1,"9":1,"10":0,"11":1,"12":4,"13":3,"14":3,"15":1,"16":3,"17":3,"18":1,"19":1,"20":1},"f":{"0":4,"1":3,"2":3},"b":{"0":[1,0],"1":[1,0],"2":[4,4,3],"3":[3,0]},"_coverageSchema":"332fd63041d2c1bcb487cc26dd0d5f7d97098a6c","hash":"89815f3ff9575ac932f5b0a09c39ccd9bf0d80ac","contentHash":"e6f6374e274447dbd61e6fc9ebd43188_11.0.2"},"/Users/andeladeveloper/checkpoint2/server/models/document.js":{"path":"/Users/andeladeveloper/checkpoint2/server/models/document.js","statementMap":{"0":{"start":{"line":3,"column":0},"end":{"line":5,"column":3}},"1":{"start":{"line":8,"column":0},"end":{"line":49,"column":2}},"2":{"start":{"line":9,"column":17},"end":{"line":36,"column":4}},"3":{"start":{"line":38,"column":2},"end":{"line":47,"column":4}},"4":{"start":{"line":39,"column":4},"end":{"line":42,"column":7}},"5":{"start":{"line":43,"column":4},"end":{"line":46,"column":7}},"6":{"start":{"line":48,"column":2},"end":{"line":48,"column":18}}},"fnMap":{"0":{"name":"(anonymous_0)","decl":{"start":{"line":8,"column":18},"end":{"line":8,"column":19}},"loc":{"start":{"line":8,"column":50},"end":{"line":49,"column":1}},"line":8},"1":{"name":"(anonymous_1)","decl":{"start":{"line":38,"column":23},"end":{"line":38,"column":24}},"loc":{"start":{"line":38,"column":41},"end":{"line":47,"column":3}},"line":38}},"branchMap":{},"s":{"0":1,"1":1,"2":1,"3":1,"4":1,"5":1,"6":1},"f":{"0":1,"1":1},"b":{},"_coverageSchema":"332fd63041d2c1bcb487cc26dd0d5f7d97098a6c","hash":"78d09d3e01fecfcc77dd3191cbc44d686375c273","contentHash":"01917affb06cead7da93c45ef0e5b44a_11.0.2"},"/Users/andeladeveloper/checkpoint2/server/models/role.js":{"path":"/Users/andeladeveloper/checkpoint2/server/models/role.js","statementMap":{"0":{"start":{"line":3,"column":0},"end":{"line":5,"column":3}},"1":{"start":{"line":7,"column":0},"end":{"line":24,"column":2}},"2":{"start":{"line":8,"column":13},"end":{"line":11,"column":4}},"3":{"start":{"line":13,"column":2},"end":{"line":22,"column":4}},"4":{"start":{"line":14,"column":4},"end":{"line":17,"column":7}},"5":{"start":{"line":18,"column":4},"end":{"line":21,"column":7}},"6":{"start":{"line":23,"column":2},"end":{"line":23,"column":14}}},"fnMap":{"0":{"name":"(anonymous_0)","decl":{"start":{"line":7,"column":18},"end":{"line":7,"column":19}},"loc":{"start":{"line":7,"column":50},"end":{"line":24,"column":1}},"line":7},"1":{"name":"(anonymous_1)","decl":{"start":{"line":13,"column":19},"end":{"line":13,"column":20}},"loc":{"start":{"line":13,"column":37},"end":{"line":22,"column":3}},"line":13}},"branchMap":{},"s":{"0":1,"1":1,"2":1,"3":1,"4":1,"5":1,"6":1},"f":{"0":1,"1":1},"b":{},"_coverageSchema":"332fd63041d2c1bcb487cc26dd0d5f7d97098a6c","hash":"8df72573c5eeaadf9de44a472937dd58f1ee5f09","contentHash":"02477f5c71adb405d4b9b4e8b368b8b6_11.0.2"},"/Users/andeladeveloper/checkpoint2/server/models/user.js":{"path":"/Users/andeladeveloper/checkpoint2/server/models/user.js","statementMap":{"0":{"start":{"line":3,"column":0},"end":{"line":5,"column":3}},"1":{"start":{"line":8,"column":0},"end":{"line":40,"column":2}},"2":{"start":{"line":9,"column":13},"end":{"line":28,"column":4}},"3":{"start":{"line":29,"column":2},"end":{"line":38,"column":4}},"4":{"start":{"line":30,"column":4},"end":{"line":33,"column":7}},"5":{"start":{"line":34,"column":4},"end":{"line":37,"column":7}},"6":{"start":{"line":39,"column":2},"end":{"line":39,"column":14}}},"fnMap":{"0":{"name":"(anonymous_0)","decl":{"start":{"line":8,"column":18},"end":{"line":8,"column":19}},"loc":{"start":{"line":8,"column":50},"end":{"line":40,"column":1}},"line":8},"1":{"name":"(anonymous_1)","decl":{"start":{"line":29,"column":19},"end":{"line":29,"column":20}},"loc":{"start":{"line":29,"column":37},"end":{"line":38,"column":3}},"line":29}},"branchMap":{},"s":{"0":1,"1":1,"2":1,"3":1,"4":1,"5":1,"6":1},"f":{"0":1,"1":1},"b":{},"_coverageSchema":"332fd63041d2c1bcb487cc26dd0d5f7d97098a6c","hash":"8897249bf81079bb50c70a5e72b1d6afdd2498a0","contentHash":"488e6934b0b9d17670770cbdec4a8a49_11.0.2"},"/Users/andeladeveloper/checkpoint2/server/routes/roles.js":{"path":"/Users/andeladeveloper/checkpoint2/server/routes/roles.js","statementMap":{"0":{"start":{"line":3,"column":0},"end":{"line":5,"column":3}},"1":{"start":{"line":7,"column":15},"end":{"line":7,"column":33}},"2":{"start":{"line":9,"column":16},"end":{"line":9,"column":48}},"3":{"start":{"line":11,"column":20},"end":{"line":11,"column":64}},"4":{"start":{"line":13,"column":21},"end":{"line":13,"column":58}},"5":{"start":{"line":15,"column":15},"end":{"line":15,"column":53}},"6":{"start":{"line":17,"column":24},"end":{"line":17,"column":65}},"7":{"start":{"line":19,"column":25},"end":{"line":19,"column":66}},"8":{"start":{"line":21,"column":39},"end":{"line":21,"column":93}},"9":{"start":{"line":23,"column":11},"end":{"line":23,"column":36}},"10":{"start":{"line":25,"column":13},"end":{"line":25,"column":39}},"11":{"start":{"line":27,"column":0},"end":{"line":54,"column":3}},"12":{"start":{"line":28,"column":30},"end":{"line":28,"column":67}},"13":{"start":{"line":29,"column":15},"end":{"line":29,"column":43}},"14":{"start":{"line":30,"column":16},"end":{"line":30,"column":45}},"15":{"start":{"line":32,"column":2},"end":{"line":34,"column":3}},"16":{"start":{"line":33,"column":4},"end":{"line":33,"column":40}},"17":{"start":{"line":35,"column":2},"end":{"line":53,"column":5}},"18":{"start":{"line":40,"column":4},"end":{"line":44,"column":5}},"19":{"start":{"line":41,"column":6},"end":{"line":43,"column":9}},"20":{"start":{"line":45,"column":4},"end":{"line":52,"column":7}},"21":{"start":{"line":49,"column":6},"end":{"line":49,"column":43}},"22":{"start":{"line":51,"column":6},"end":{"line":51,"column":41}},"23":{"start":{"line":56,"column":0},"end":{"line":69,"column":3}},"24":{"start":{"line":57,"column":2},"end":{"line":68,"column":5}},"25":{"start":{"line":60,"column":4},"end":{"line":64,"column":5}},"26":{"start":{"line":61,"column":6},"end":{"line":63,"column":9}},"27":{"start":{"line":65,"column":4},"end":{"line":65,"column":38}},"28":{"start":{"line":67,"column":4},"end":{"line":67,"column":39}},"29":{"start":{"line":71,"column":0},"end":{"line":87,"column":3}},"30":{"start":{"line":72,"column":2},"end":{"line":76,"column":3}},"31":{"start":{"line":73,"column":4},"end":{"line":75,"column":7}},"32":{"start":{"line":77,"column":2},"end":{"line":86,"column":5}},"33":{"start":{"line":78,"column":4},"end":{"line":82,"column":5}},"34":{"start":{"line":79,"column":6},"end":{"line":81,"column":9}},"35":{"start":{"line":83,"column":4},"end":{"line":83,"column":38}},"36":{"start":{"line":85,"column":4},"end":{"line":85,"column":39}},"37":{"start":{"line":89,"column":0},"end":{"line":131,"column":3}},"38":{"start":{"line":90,"column":2},"end":{"line":94,"column":3}},"39":{"start":{"line":91,"column":4},"end":{"line":93,"column":7}},"40":{"start":{"line":95,"column":19},"end":{"line":95,"column":20}},"41":{"start":{"line":96,"column":2},"end":{"line":100,"column":3}},"42":{"start":{"line":97,"column":4},"end":{"line":99,"column":7}},"43":{"start":{"line":101,"column":2},"end":{"line":130,"column":5}},"44":{"start":{"line":102,"column":4},"end":{"line":106,"column":5}},"45":{"start":{"line":103,"column":6},"end":{"line":105,"column":9}},"46":{"start":{"line":107,"column":4},"end":{"line":127,"column":7}},"47":{"start":{"line":112,"column":6},"end":{"line":116,"column":7}},"48":{"start":{"line":113,"column":8},"end":{"line":115,"column":11}},"49":{"start":{"line":117,"column":6},"end":{"line":124,"column":9}},"50":{"start":{"line":121,"column":8},"end":{"line":121,"column":42}},"51":{"start":{"line":123,"column":8},"end":{"line":123,"column":43}},"52":{"start":{"line":126,"column":6},"end":{"line":126,"column":41}},"53":{"start":{"line":129,"column":4},"end":{"line":129,"column":39}},"54":{"start":{"line":133,"column":0},"end":{"line":155,"column":3}},"55":{"start":{"line":134,"column":2},"end":{"line":138,"column":3}},"56":{"start":{"line":135,"column":4},"end":{"line":137,"column":7}},"57":{"start":{"line":139,"column":2},"end":{"line":154,"column":5}},"58":{"start":{"line":140,"column":4},"end":{"line":144,"column":5}},"59":{"start":{"line":141,"column":6},"end":{"line":143,"column":9}},"60":{"start":{"line":145,"column":4},"end":{"line":151,"column":7}},"61":{"start":{"line":146,"column":6},"end":{"line":148,"column":9}},"62":{"start":{"line":150,"column":6},"end":{"line":150,"column":41}},"63":{"start":{"line":153,"column":4},"end":{"line":153,"column":39}},"64":{"start":{"line":157,"column":0},"end":{"line":157,"column":25}}},"fnMap":{"0":{"name":"_interopRequireDefault","decl":{"start":{"line":21,"column":9},"end":{"line":21,"column":31}},"loc":{"start":{"line":21,"column":37},"end":{"line":21,"column":95}},"line":21},"1":{"name":"(anonymous_1)","decl":{"start":{"line":27,"column":45},"end":{"line":27,"column":46}},"loc":{"start":{"line":27,"column":65},"end":{"line":54,"column":1}},"line":27},"2":{"name":"(anonymous_2)","decl":{"start":{"line":39,"column":10},"end":{"line":39,"column":11}},"loc":{"start":{"line":39,"column":26},"end":{"line":53,"column":3}},"line":39},"3":{"name":"(anonymous_3)","decl":{"start":{"line":48,"column":12},"end":{"line":48,"column":13}},"loc":{"start":{"line":48,"column":31},"end":{"line":50,"column":5}},"line":48},"4":{"name":"(anonymous_4)","decl":{"start":{"line":50,"column":13},"end":{"line":50,"column":14}},"loc":{"start":{"line":50,"column":30},"end":{"line":52,"column":5}},"line":50},"5":{"name":"(anonymous_5)","decl":{"start":{"line":56,"column":44},"end":{"line":56,"column":45}},"loc":{"start":{"line":56,"column":64},"end":{"line":69,"column":1}},"line":56},"6":{"name":"(anonymous_6)","decl":{"start":{"line":57,"column":22},"end":{"line":57,"column":23}},"loc":{"start":{"line":57,"column":38},"end":{"line":66,"column":3}},"line":57},"7":{"name":"(anonymous_7)","decl":{"start":{"line":66,"column":11},"end":{"line":66,"column":12}},"loc":{"start":{"line":66,"column":28},"end":{"line":68,"column":3}},"line":66},"8":{"name":"(anonymous_8)","decl":{"start":{"line":71,"column":47},"end":{"line":71,"column":48}},"loc":{"start":{"line":71,"column":67},"end":{"line":87,"column":1}},"line":71},"9":{"name":"(anonymous_9)","decl":{"start":{"line":77,"column":36},"end":{"line":77,"column":37}},"loc":{"start":{"line":77,"column":52},"end":{"line":84,"column":3}},"line":77},"10":{"name":"(anonymous_10)","decl":{"start":{"line":84,"column":11},"end":{"line":84,"column":12}},"loc":{"start":{"line":84,"column":28},"end":{"line":86,"column":3}},"line":84},"11":{"name":"(anonymous_11)","decl":{"start":{"line":89,"column":47},"end":{"line":89,"column":48}},"loc":{"start":{"line":89,"column":67},"end":{"line":131,"column":1}},"line":89},"12":{"name":"(anonymous_12)","decl":{"start":{"line":101,"column":36},"end":{"line":101,"column":37}},"loc":{"start":{"line":101,"column":52},"end":{"line":128,"column":3}},"line":101},"13":{"name":"(anonymous_13)","decl":{"start":{"line":111,"column":12},"end":{"line":111,"column":13}},"loc":{"start":{"line":111,"column":31},"end":{"line":125,"column":5}},"line":111},"14":{"name":"(anonymous_14)","decl":{"start":{"line":120,"column":14},"end":{"line":120,"column":15}},"loc":{"start":{"line":120,"column":26},"end":{"line":122,"column":7}},"line":120},"15":{"name":"(anonymous_15)","decl":{"start":{"line":122,"column":15},"end":{"line":122,"column":16}},"loc":{"start":{"line":122,"column":32},"end":{"line":124,"column":7}},"line":122},"16":{"name":"(anonymous_16)","decl":{"start":{"line":125,"column":13},"end":{"line":125,"column":14}},"loc":{"start":{"line":125,"column":30},"end":{"line":127,"column":5}},"line":125},"17":{"name":"(anonymous_17)","decl":{"start":{"line":128,"column":11},"end":{"line":128,"column":12}},"loc":{"start":{"line":128,"column":28},"end":{"line":130,"column":3}},"line":128},"18":{"name":"(anonymous_18)","decl":{"start":{"line":133,"column":51},"end":{"line":133,"column":52}},"loc":{"start":{"line":133,"column":71},"end":{"line":155,"column":1}},"line":133},"19":{"name":"(anonymous_19)","decl":{"start":{"line":139,"column":36},"end":{"line":139,"column":37}},"loc":{"start":{"line":139,"column":52},"end":{"line":152,"column":3}},"line":139},"20":{"name":"(anonymous_20)","decl":{"start":{"line":145,"column":31},"end":{"line":145,"column":32}},"loc":{"start":{"line":145,"column":43},"end":{"line":149,"column":5}},"line":145},"21":{"name":"(anonymous_21)","decl":{"start":{"line":149,"column":13},"end":{"line":149,"column":14}},"loc":{"start":{"line":149,"column":30},"end":{"line":151,"column":5}},"line":149},"22":{"name":"(anonymous_22)","decl":{"start":{"line":152,"column":11},"end":{"line":152,"column":12}},"loc":{"start":{"line":152,"column":28},"end":{"line":154,"column":3}},"line":152}},"branchMap":{"0":{"loc":{"start":{"line":21,"column":46},"end":{"line":21,"column":92}},"type":"cond-expr","locations":[{"start":{"line":21,"column":70},"end":{"line":21,"column":73}},{"start":{"line":21,"column":76},"end":{"line":21,"column":92}}],"line":21},"1":{"loc":{"start":{"line":21,"column":46},"end":{"line":21,"column":67}},"type":"binary-expr","locations":[{"start":{"line":21,"column":46},"end":{"line":21,"column":49}},{"start":{"line":21,"column":53},"end":{"line":21,"column":67}}],"line":21},"2":{"loc":{"start":{"line":32,"column":2},"end":{"line":34,"column":3}},"type":"if","locations":[{"start":{"line":32,"column":2},"end":{"line":34,"column":3}},{"start":{"line":32,"column":2},"end":{"line":34,"column":3}}],"line":32},"3":{"loc":{"start":{"line":40,"column":4},"end":{"line":44,"column":5}},"type":"if","locations":[{"start":{"line":40,"column":4},"end":{"line":44,"column":5}},{"start":{"line":40,"column":4},"end":{"line":44,"column":5}}],"line":40},"4":{"loc":{"start":{"line":60,"column":4},"end":{"line":64,"column":5}},"type":"if","locations":[{"start":{"line":60,"column":4},"end":{"line":64,"column":5}},{"start":{"line":60,"column":4},"end":{"line":64,"column":5}}],"line":60},"5":{"loc":{"start":{"line":72,"column":2},"end":{"line":76,"column":3}},"type":"if","locations":[{"start":{"line":72,"column":2},"end":{"line":76,"column":3}},{"start":{"line":72,"column":2},"end":{"line":76,"column":3}}],"line":72},"6":{"loc":{"start":{"line":78,"column":4},"end":{"line":82,"column":5}},"type":"if","locations":[{"start":{"line":78,"column":4},"end":{"line":82,"column":5}},{"start":{"line":78,"column":4},"end":{"line":82,"column":5}}],"line":78},"7":{"loc":{"start":{"line":90,"column":2},"end":{"line":94,"column":3}},"type":"if","locations":[{"start":{"line":90,"column":2},"end":{"line":94,"column":3}},{"start":{"line":90,"column":2},"end":{"line":94,"column":3}}],"line":90},"8":{"loc":{"start":{"line":96,"column":2},"end":{"line":100,"column":3}},"type":"if","locations":[{"start":{"line":96,"column":2},"end":{"line":100,"column":3}},{"start":{"line":96,"column":2},"end":{"line":100,"column":3}}],"line":96},"9":{"loc":{"start":{"line":102,"column":4},"end":{"line":106,"column":5}},"type":"if","locations":[{"start":{"line":102,"column":4},"end":{"line":106,"column":5}},{"start":{"line":102,"column":4},"end":{"line":106,"column":5}}],"line":102},"10":{"loc":{"start":{"line":112,"column":6},"end":{"line":116,"column":7}},"type":"if","locations":[{"start":{"line":112,"column":6},"end":{"line":116,"column":7}},{"start":{"line":112,"column":6},"end":{"line":116,"column":7}}],"line":112},"11":{"loc":{"start":{"line":118,"column":14},"end":{"line":118,"column":40}},"type":"binary-expr","locations":[{"start":{"line":118,"column":14},"end":{"line":118,"column":27}},{"start":{"line":118,"column":31},"end":{"line":118,"column":40}}],"line":118},"12":{"loc":{"start":{"line":119,"column":21},"end":{"line":119,"column":61}},"type":"binary-expr","locations":[{"start":{"line":119,"column":21},"end":{"line":119,"column":41}},{"start":{"line":119,"column":45},"end":{"line":119,"column":61}}],"line":119},"13":{"loc":{"start":{"line":134,"column":2},"end":{"line":138,"column":3}},"type":"if","locations":[{"start":{"line":134,"column":2},"end":{"line":138,"column":3}},{"start":{"line":134,"column":2},"end":{"line":138,"column":3}}],"line":134},"14":{"loc":{"start":{"line":140,"column":4},"end":{"line":144,"column":5}},"type":"if","locations":[{"start":{"line":140,"column":4},"end":{"line":144,"column":5}},{"start":{"line":140,"column":4},"end":{"line":144,"column":5}}],"line":140}},"s":{"0":1,"1":1,"2":1,"3":1,"4":1,"5":1,"6":1,"7":1,"8":3,"9":1,"10":1,"11":1,"12":3,"13":3,"14":3,"15":3,"16":1,"17":2,"18":2,"19":1,"20":1,"21":1,"22":0,"23":1,"24":3,"25":3,"26":0,"27":3,"28":0,"29":1,"30":3,"31":1,"32":2,"33":2,"34":1,"35":1,"36":0,"37":1,"38":3,"39":1,"40":2,"41":2,"42":0,"43":2,"44":2,"45":1,"46":1,"47":1,"48":0,"49":1,"50":1,"51":0,"52":0,"53":0,"54":1,"55":3,"56":1,"57":2,"58":2,"59":1,"60":1,"61":1,"62":0,"63":0,"64":1},"f":{"0":3,"1":3,"2":2,"3":1,"4":0,"5":3,"6":3,"7":0,"8":3,"9":2,"10":0,"11":3,"12":2,"13":1,"14":1,"15":0,"16":0,"17":0,"18":3,"19":2,"20":1,"21":0,"22":0},"b":{"0":[2,1],"1":[3,3],"2":[1,2],"3":[1,1],"4":[0,3],"5":[1,2],"6":[1,1],"7":[1,2],"8":[0,2],"9":[1,1],"10":[0,1],"11":[1,0],"12":[1,0],"13":[1,2],"14":[1,1]},"_coverageSchema":"332fd63041d2c1bcb487cc26dd0d5f7d97098a6c","hash":"c23423141a217699dbc6f786c48b01b0b5bba00d","contentHash":"9488a1eb59c0ed52bde03ecb0d8daad7_11.0.2"},"/Users/andeladeveloper/checkpoint2/server/shared/validators/rolePostData.js":{"path":"/Users/andeladeveloper/checkpoint2/server/shared/validators/rolePostData.js","statementMap":{"0":{"start":{"line":3,"column":0},"end":{"line":5,"column":3}},"1":{"start":{"line":7,"column":17},"end":{"line":7,"column":37}},"2":{"start":{"line":9,"column":18},"end":{"line":9,"column":52}},"3":{"start":{"line":11,"column":15},"end":{"line":11,"column":40}},"4":{"start":{"line":13,"column":16},"end":{"line":13,"column":48}},"5":{"start":{"line":15,"column":39},"end":{"line":15,"column":93}},"6":{"start":{"line":17,"column":27},"end":{"line":32,"column":1}},"7":{"start":{"line":18,"column":15},"end":{"line":18,"column":17}},"8":{"start":{"line":20,"column":2},"end":{"line":22,"column":3}},"9":{"start":{"line":21,"column":4},"end":{"line":21,"column":42}},"10":{"start":{"line":24,"column":2},"end":{"line":26,"column":3}},"11":{"start":{"line":25,"column":4},"end":{"line":25,"column":56}},"12":{"start":{"line":28,"column":2},"end":{"line":31,"column":4}},"13":{"start":{"line":34,"column":0},"end":{"line":34,"column":39}}},"fnMap":{"0":{"name":"_interopRequireDefault","decl":{"start":{"line":15,"column":9},"end":{"line":15,"column":31}},"loc":{"start":{"line":15,"column":37},"end":{"line":15,"column":95}},"line":15},"1":{"name":"validateRolePostData","decl":{"start":{"line":17,"column":36},"end":{"line":17,"column":56}},"loc":{"start":{"line":17,"column":63},"end":{"line":32,"column":1}},"line":17}},"branchMap":{"0":{"loc":{"start":{"line":15,"column":46},"end":{"line":15,"column":92}},"type":"cond-expr","locations":[{"start":{"line":15,"column":70},"end":{"line":15,"column":73}},{"start":{"line":15,"column":76},"end":{"line":15,"column":92}}],"line":15},"1":{"loc":{"start":{"line":15,"column":46},"end":{"line":15,"column":67}},"type":"binary-expr","locations":[{"start":{"line":15,"column":46},"end":{"line":15,"column":49}},{"start":{"line":15,"column":53},"end":{"line":15,"column":67}}],"line":15},"2":{"loc":{"start":{"line":20,"column":2},"end":{"line":22,"column":3}},"type":"if","locations":[{"start":{"line":20,"column":2},"end":{"line":22,"column":3}},{"start":{"line":20,"column":2},"end":{"line":22,"column":3}}],"line":20},"3":{"loc":{"start":{"line":20,"column":6},"end":{"line":20,"column":71}},"type":"binary-expr","locations":[{"start":{"line":20,"column":6},"end":{"line":20,"column":29}},{"start":{"line":20,"column":33},"end":{"line":20,"column":71}}],"line":20},"4":{"loc":{"start":{"line":24,"column":2},"end":{"line":26,"column":3}},"type":"if","locations":[{"start":{"line":24,"column":2},"end":{"line":26,"column":3}},{"start":{"line":24,"column":2},"end":{"line":26,"column":3}}],"line":24},"5":{"loc":{"start":{"line":24,"column":6},"end":{"line":24,"column":85}},"type":"binary-expr","locations":[{"start":{"line":24,"column":6},"end":{"line":24,"column":36}},{"start":{"line":24,"column":40},"end":{"line":24,"column":85}}],"line":24}},"s":{"0":1,"1":1,"2":1,"3":1,"4":1,"5":2,"6":1,"7":3,"8":3,"9":1,"10":3,"11":0,"12":3,"13":1},"f":{"0":2,"1":3},"b":{"0":[0,2],"1":[2,2],"2":[1,2],"3":[3,2],"4":[0,3],"5":[3,3]},"_coverageSchema":"332fd63041d2c1bcb487cc26dd0d5f7d97098a6c","hash":"fb3788a82a4882e27c8af954bc664d0d02b33ddb","contentHash":"cdeab14c6cb9dc7871ad7364bf1995c9_11.0.2"},"/Users/andeladeveloper/checkpoint2/server/shared/helpers.js":{"path":"/Users/andeladeveloper/checkpoint2/server/shared/helpers.js","statementMap":{"0":{"start":{"line":3,"column":0},"end":{"line":5,"column":3}},"1":{"start":{"line":6,"column":0},"end":{"line":6,"column":26}},"2":{"start":{"line":7,"column":0},"end":{"line":7,"column":40}},"3":{"start":{"line":9,"column":17},"end":{"line":9,"column":37}},"4":{"start":{"line":11,"column":18},"end":{"line":11,"column":52}},"5":{"start":{"line":13,"column":39},"end":{"line":13,"column":93}},"6":{"start":{"line":16,"column":2},"end":{"line":16,"column":59}},"7":{"start":{"line":16,"column":46},"end":{"line":16,"column":59}},"8":{"start":{"line":17,"column":2},"end":{"line":17,"column":14}},"9":{"start":{"line":21,"column":17},"end":{"line":21,"column":19}},"10":{"start":{"line":22,"column":22},"end":{"line":22,"column":26}},"11":{"start":{"line":24,"column":2},"end":{"line":27,"column":3}},"12":{"start":{"line":25,"column":4},"end":{"line":25,"column":26}},"13":{"start":{"line":26,"column":4},"end":{"line":26,"column":115}},"14":{"start":{"line":29,"column":2},"end":{"line":32,"column":4}}},"fnMap":{"0":{"name":"_interopRequireDefault","decl":{"start":{"line":13,"column":9},"end":{"line":13,"column":31}},"loc":{"start":{"line":13,"column":37},"end":{"line":13,"column":95}},"line":13},"1":{"name":"isDigit","decl":{"start":{"line":15,"column":9},"end":{"line":15,"column":16}},"loc":{"start":{"line":15,"column":25},"end":{"line":18,"column":1}},"line":15},"2":{"name":"validateAccess","decl":{"start":{"line":20,"column":9},"end":{"line":20,"column":23}},"loc":{"start":{"line":20,"column":77},"end":{"line":33,"column":1}},"line":20}},"branchMap":{"0":{"loc":{"start":{"line":13,"column":46},"end":{"line":13,"column":92}},"type":"cond-expr","locations":[{"start":{"line":13,"column":70},"end":{"line":13,"column":73}},{"start":{"line":13,"column":76},"end":{"line":13,"column":92}}],"line":13},"1":{"loc":{"start":{"line":13,"column":46},"end":{"line":13,"column":67}},"type":"binary-expr","locations":[{"start":{"line":13,"column":46},"end":{"line":13,"column":49}},{"start":{"line":13,"column":53},"end":{"line":13,"column":67}}],"line":13},"2":{"loc":{"start":{"line":16,"column":2},"end":{"line":16,"column":59}},"type":"if","locations":[{"start":{"line":16,"column":2},"end":{"line":16,"column":59}},{"start":{"line":16,"column":2},"end":{"line":16,"column":59}}],"line":16},"3":{"loc":{"start":{"line":24,"column":2},"end":{"line":27,"column":3}},"type":"if","locations":[{"start":{"line":24,"column":2},"end":{"line":27,"column":3}},{"start":{"line":24,"column":2},"end":{"line":27,"column":3}}],"line":24},"4":{"loc":{"start":{"line":24,"column":6},"end":{"line":24,"column":93}},"type":"binary-expr","locations":[{"start":{"line":24,"column":6},"end":{"line":24,"column":26}},{"start":{"line":24,"column":30},"end":{"line":24,"column":45}},{"start":{"line":24,"column":49},"end":{"line":24,"column":73}},{"start":{"line":24,"column":77},"end":{"line":24,"column":93}}],"line":24}},"s":{"0":1,"1":1,"2":1,"3":1,"4":1,"5":1,"6":23,"7":8,"8":15,"9":2,"10":2,"11":2,"12":0,"13":0,"14":2},"f":{"0":1,"1":23,"2":2},"b":{"0":[0,1],"1":[1,1],"2":[8,15],"3":[0,2],"4":[2,0,0,0]},"_coverageSchema":"332fd63041d2c1bcb487cc26dd0d5f7d97098a6c","hash":"6646979e0a729be4da9af61b0f8d160b61c74807","contentHash":"7ecf5d3c15ada189c6c78bc8dad0d890_11.0.2"},"/Users/andeladeveloper/checkpoint2/server/routes/middlewares/authenticateRole.js":{"path":"/Users/andeladeveloper/checkpoint2/server/routes/middlewares/authenticateRole.js","statementMap":{"0":{"start":{"line":3,"column":0},"end":{"line":5,"column":3}},"1":{"start":{"line":7,"column":20},"end":{"line":7,"column":43}},"2":{"start":{"line":9,"column":21},"end":{"line":9,"column":58}},"3":{"start":{"line":11,"column":14},"end":{"line":11,"column":41}},"4":{"start":{"line":13,"column":15},"end":{"line":13,"column":46}},"5":{"start":{"line":15,"column":39},"end":{"line":15,"column":93}},"6":{"start":{"line":17,"column":11},"end":{"line":17,"column":39}},"7":{"start":{"line":19,"column":0},"end":{"line":54,"column":2}},"8":{"start":{"line":20,"column":18},"end":{"line":20,"column":43}},"9":{"start":{"line":21,"column":14},"end":{"line":21,"column":20}},"10":{"start":{"line":22,"column":2},"end":{"line":24,"column":3}},"11":{"start":{"line":23,"column":4},"end":{"line":23,"column":36}},"12":{"start":{"line":25,"column":2},"end":{"line":53,"column":3}},"13":{"start":{"line":26,"column":4},"end":{"line":48,"column":7}},"14":{"start":{"line":27,"column":6},"end":{"line":47,"column":7}},"15":{"start":{"line":28,"column":8},"end":{"line":30,"column":11}},"16":{"start":{"line":32,"column":21},"end":{"line":32,"column":31}},"17":{"start":{"line":33,"column":8},"end":{"line":46,"column":11}},"18":{"start":{"line":34,"column":10},"end":{"line":38,"column":11}},"19":{"start":{"line":35,"column":12},"end":{"line":37,"column":15}},"20":{"start":{"line":39,"column":25},"end":{"line":39,"column":40}},"21":{"start":{"line":40,"column":10},"end":{"line":44,"column":11}},"22":{"start":{"line":41,"column":12},"end":{"line":43,"column":15}},"23":{"start":{"line":45,"column":10},"end":{"line":45,"column":17}},"24":{"start":{"line":50,"column":4},"end":{"line":52,"column":7}}},"fnMap":{"0":{"name":"_interopRequireDefault","decl":{"start":{"line":15,"column":9},"end":{"line":15,"column":31}},"loc":{"start":{"line":15,"column":37},"end":{"line":15,"column":95}},"line":15},"1":{"name":"(anonymous_1)","decl":{"start":{"line":19,"column":18},"end":{"line":19,"column":19}},"loc":{"start":{"line":19,"column":44},"end":{"line":54,"column":1}},"line":19},"2":{"name":"(anonymous_2)","decl":{"start":{"line":26,"column":69},"end":{"line":26,"column":70}},"loc":{"start":{"line":26,"column":93},"end":{"line":48,"column":5}},"line":26},"3":{"name":"(anonymous_3)","decl":{"start":{"line":33,"column":35},"end":{"line":33,"column":36}},"loc":{"start":{"line":33,"column":51},"end":{"line":46,"column":9}},"line":33}},"branchMap":{"0":{"loc":{"start":{"line":15,"column":46},"end":{"line":15,"column":92}},"type":"cond-expr","locations":[{"start":{"line":15,"column":70},"end":{"line":15,"column":73}},{"start":{"line":15,"column":76},"end":{"line":15,"column":92}}],"line":15},"1":{"loc":{"start":{"line":15,"column":46},"end":{"line":15,"column":67}},"type":"binary-expr","locations":[{"start":{"line":15,"column":46},"end":{"line":15,"column":49}},{"start":{"line":15,"column":53},"end":{"line":15,"column":67}}],"line":15},"2":{"loc":{"start":{"line":22,"column":2},"end":{"line":24,"column":3}},"type":"if","locations":[{"start":{"line":22,"column":2},"end":{"line":24,"column":3}},{"start":{"line":22,"column":2},"end":{"line":24,"column":3}}],"line":22},"3":{"loc":{"start":{"line":25,"column":2},"end":{"line":53,"column":3}},"type":"if","locations":[{"start":{"line":25,"column":2},"end":{"line":53,"column":3}},{"start":{"line":25,"column":2},"end":{"line":53,"column":3}}],"line":25},"4":{"loc":{"start":{"line":27,"column":6},"end":{"line":47,"column":7}},"type":"if","locations":[{"start":{"line":27,"column":6},"end":{"line":47,"column":7}},{"start":{"line":27,"column":6},"end":{"line":47,"column":7}}],"line":27},"5":{"loc":{"start":{"line":34,"column":10},"end":{"line":38,"column":11}},"type":"if","locations":[{"start":{"line":34,"column":10},"end":{"line":38,"column":11}},{"start":{"line":34,"column":10},"end":{"line":38,"column":11}}],"line":34},"6":{"loc":{"start":{"line":40,"column":10},"end":{"line":44,"column":11}},"type":"if","locations":[{"start":{"line":40,"column":10},"end":{"line":44,"column":11}},{"start":{"line":40,"column":10},"end":{"line":44,"column":11}}],"line":40}},"s":{"0":1,"1":1,"2":1,"3":1,"4":1,"5":2,"6":1,"7":1,"8":15,"9":15,"10":15,"11":15,"12":15,"13":15,"14":15,"15":0,"16":15,"17":15,"18":15,"19":0,"20":15,"21":15,"22":0,"23":15,"24":0},"f":{"0":2,"1":15,"2":15,"3":15},"b":{"0":[1,1],"1":[2,2],"2":[15,0],"3":[15,0],"4":[0,15],"5":[0,15],"6":[0,15]},"_coverageSchema":"332fd63041d2c1bcb487cc26dd0d5f7d97098a6c","hash":"7a3775720f9382487e6e00c87936f2219e9a7da7","contentHash":"e21dcd4b337655ce1bcc23e6c0cbf0bc_11.0.2"},"/Users/andeladeveloper/checkpoint2/server/routes/users.js":{"path":"/Users/andeladeveloper/checkpoint2/server/routes/users.js","statementMap":{"0":{"start":{"line":3,"column":0},"end":{"line":5,"column":3}},"1":{"start":{"line":7,"column":15},"end":{"line":7,"column":33}},"2":{"start":{"line":9,"column":16},"end":{"line":9,"column":48}},"3":{"start":{"line":11,"column":14},"end":{"line":11,"column":31}},"4":{"start":{"line":13,"column":15},"end":{"line":13,"column":46}},"5":{"start":{"line":15,"column":17},"end":{"line":15,"column":58}},"6":{"start":{"line":17,"column":18},"end":{"line":17,"column":52}},"7":{"start":{"line":19,"column":15},"end":{"line":19,"column":53}},"8":{"start":{"line":21,"column":25},"end":{"line":21,"column":67}},"9":{"start":{"line":23,"column":26},"end":{"line":23,"column":68}},"10":{"start":{"line":25,"column":39},"end":{"line":25,"column":93}},"11":{"start":{"line":27,"column":11},"end":{"line":27,"column":36}},"12":{"start":{"line":28,"column":15},"end":{"line":28,"column":44}},"13":{"start":{"line":30,"column":13},"end":{"line":30,"column":39}},"14":{"start":{"line":32,"column":0},"end":{"line":63,"column":3}},"15":{"start":{"line":33,"column":23},"end":{"line":33,"column":57}},"16":{"start":{"line":34,"column":15},"end":{"line":34,"column":36}},"17":{"start":{"line":35,"column":16},"end":{"line":35,"column":38}},"18":{"start":{"line":37,"column":2},"end":{"line":39,"column":3}},"19":{"start":{"line":38,"column":4},"end":{"line":38,"column":40}},"20":{"start":{"line":40,"column":17},"end":{"line":40,"column":65}},"21":{"start":{"line":41,"column":2},"end":{"line":62,"column":5}},"22":{"start":{"line":46,"column":4},"end":{"line":50,"column":5}},"23":{"start":{"line":47,"column":6},"end":{"line":49,"column":9}},"24":{"start":{"line":51,"column":4},"end":{"line":61,"column":7}},"25":{"start":{"line":58,"column":6},"end":{"line":58,"column":45}},"26":{"start":{"line":60,"column":6},"end":{"line":60,"column":41}},"27":{"start":{"line":65,"column":0},"end":{"line":94,"column":3}},"28":{"start":{"line":66,"column":20},"end":{"line":66,"column":26}},"29":{"start":{"line":67,"column":2},"end":{"line":81,"column":3}},"30":{"start":{"line":68,"column":16},"end":{"line":68,"column":44}},"31":{"start":{"line":69,"column":17},"end":{"line":69,"column":46}},"32":{"start":{"line":70,"column":4},"end":{"line":74,"column":5}},"33":{"start":{"line":71,"column":6},"end":{"line":73,"column":9}},"34":{"start":{"line":75,"column":4},"end":{"line":78,"column":6}},"35":{"start":{"line":80,"column":4},"end":{"line":80,"column":21}},"36":{"start":{"line":82,"column":2},"end":{"line":93,"column":5}},"37":{"start":{"line":85,"column":4},"end":{"line":89,"column":5}},"38":{"start":{"line":86,"column":6},"end":{"line":88,"column":10}},"39":{"start":{"line":90,"column":4},"end":{"line":90,"column":38}},"40":{"start":{"line":92,"column":4},"end":{"line":92,"column":39}},"41":{"start":{"line":96,"column":0},"end":{"line":117,"column":3}},"42":{"start":{"line":97,"column":2},"end":{"line":101,"column":3}},"43":{"start":{"line":98,"column":4},"end":{"line":100,"column":7}},"44":{"start":{"line":102,"column":2},"end":{"line":116,"column":5}},"45":{"start":{"line":108,"column":4},"end":{"line":112,"column":5}},"46":{"start":{"line":109,"column":6},"end":{"line":111,"column":9}},"47":{"start":{"line":113,"column":4},"end":{"line":113,"column":38}},"48":{"start":{"line":115,"column":4},"end":{"line":115,"column":39}},"49":{"start":{"line":119,"column":0},"end":{"line":149,"column":3}},"50":{"start":{"line":120,"column":2},"end":{"line":124,"column":3}},"51":{"start":{"line":121,"column":4},"end":{"line":123,"column":7}},"52":{"start":{"line":125,"column":2},"end":{"line":148,"column":5}},"53":{"start":{"line":126,"column":4},"end":{"line":130,"column":5}},"54":{"start":{"line":127,"column":6},"end":{"line":129,"column":9}},"55":{"start":{"line":131,"column":4},"end":{"line":145,"column":7}},"56":{"start":{"line":137,"column":6},"end":{"line":141,"column":7}},"57":{"start":{"line":138,"column":8},"end":{"line":140,"column":11}},"58":{"start":{"line":142,"column":6},"end":{"line":142,"column":39}},"59":{"start":{"line":144,"column":6},"end":{"line":144,"column":41}},"60":{"start":{"line":147,"column":4},"end":{"line":147,"column":39}},"61":{"start":{"line":151,"column":0},"end":{"line":181,"column":3}},"62":{"start":{"line":152,"column":2},"end":{"line":156,"column":3}},"63":{"start":{"line":153,"column":4},"end":{"line":155,"column":7}},"64":{"start":{"line":157,"column":2},"end":{"line":180,"column":5}},"65":{"start":{"line":158,"column":4},"end":{"line":162,"column":5}},"66":{"start":{"line":159,"column":6},"end":{"line":161,"column":9}},"67":{"start":{"line":163,"column":19},"end":{"line":163,"column":25}},"68":{"start":{"line":164,"column":4},"end":{"line":166,"column":5}},"69":{"start":{"line":165,"column":6},"end":{"line":165,"column":66}},"70":{"start":{"line":167,"column":4},"end":{"line":177,"column":7}},"71":{"start":{"line":174,"column":6},"end":{"line":174,"column":40}},"72":{"start":{"line":176,"column":6},"end":{"line":176,"column":41}},"73":{"start":{"line":179,"column":4},"end":{"line":179,"column":39}},"74":{"start":{"line":183,"column":0},"end":{"line":213,"column":3}},"75":{"start":{"line":184,"column":2},"end":{"line":188,"column":3}},"76":{"start":{"line":185,"column":4},"end":{"line":187,"column":7}},"77":{"start":{"line":189,"column":20},"end":{"line":189,"column":41}},"78":{"start":{"line":190,"column":15},"end":{"line":190,"column":29}},"79":{"start":{"line":191,"column":15},"end":{"line":191,"column":33}},"80":{"start":{"line":192,"column":2},"end":{"line":196,"column":3}},"81":{"start":{"line":193,"column":4},"end":{"line":195,"column":7}},"82":{"start":{"line":197,"column":2},"end":{"line":212,"column":5}},"83":{"start":{"line":198,"column":4},"end":{"line":202,"column":5}},"84":{"start":{"line":199,"column":6},"end":{"line":201,"column":9}},"85":{"start":{"line":203,"column":4},"end":{"line":209,"column":7}},"86":{"start":{"line":204,"column":6},"end":{"line":206,"column":9}},"87":{"start":{"line":208,"column":6},"end":{"line":208,"column":41}},"88":{"start":{"line":211,"column":4},"end":{"line":211,"column":39}},"89":{"start":{"line":215,"column":0},"end":{"line":215,"column":25}}},"fnMap":{"0":{"name":"_interopRequireDefault","decl":{"start":{"line":25,"column":9},"end":{"line":25,"column":31}},"loc":{"start":{"line":25,"column":37},"end":{"line":25,"column":95}},"line":25},"1":{"name":"(anonymous_1)","decl":{"start":{"line":32,"column":46},"end":{"line":32,"column":47}},"loc":{"start":{"line":32,"column":66},"end":{"line":63,"column":1}},"line":32},"2":{"name":"(anonymous_2)","decl":{"start":{"line":45,"column":10},"end":{"line":45,"column":11}},"loc":{"start":{"line":45,"column":26},"end":{"line":62,"column":3}},"line":45},"3":{"name":"(anonymous_3)","decl":{"start":{"line":57,"column":12},"end":{"line":57,"column":13}},"loc":{"start":{"line":57,"column":33},"end":{"line":59,"column":5}},"line":57},"4":{"name":"(anonymous_4)","decl":{"start":{"line":59,"column":13},"end":{"line":59,"column":14}},"loc":{"start":{"line":59,"column":30},"end":{"line":61,"column":5}},"line":59},"5":{"name":"(anonymous_5)","decl":{"start":{"line":65,"column":45},"end":{"line":65,"column":46}},"loc":{"start":{"line":65,"column":65},"end":{"line":94,"column":1}},"line":65},"6":{"name":"(anonymous_6)","decl":{"start":{"line":82,"column":33},"end":{"line":82,"column":34}},"loc":{"start":{"line":82,"column":49},"end":{"line":91,"column":3}},"line":82},"7":{"name":"(anonymous_7)","decl":{"start":{"line":91,"column":11},"end":{"line":91,"column":12}},"loc":{"start":{"line":91,"column":28},"end":{"line":93,"column":3}},"line":91},"8":{"name":"(anonymous_8)","decl":{"start":{"line":96,"column":48},"end":{"line":96,"column":49}},"loc":{"start":{"line":96,"column":68},"end":{"line":117,"column":1}},"line":96},"9":{"name":"(anonymous_9)","decl":{"start":{"line":107,"column":10},"end":{"line":107,"column":11}},"loc":{"start":{"line":107,"column":26},"end":{"line":114,"column":3}},"line":107},"10":{"name":"(anonymous_10)","decl":{"start":{"line":114,"column":11},"end":{"line":114,"column":12}},"loc":{"start":{"line":114,"column":28},"end":{"line":116,"column":3}},"line":114},"11":{"name":"(anonymous_11)","decl":{"start":{"line":119,"column":58},"end":{"line":119,"column":59}},"loc":{"start":{"line":119,"column":78},"end":{"line":149,"column":1}},"line":119},"12":{"name":"(anonymous_12)","decl":{"start":{"line":125,"column":36},"end":{"line":125,"column":37}},"loc":{"start":{"line":125,"column":52},"end":{"line":146,"column":3}},"line":125},"13":{"name":"(anonymous_13)","decl":{"start":{"line":136,"column":12},"end":{"line":136,"column":13}},"loc":{"start":{"line":136,"column":27},"end":{"line":143,"column":5}},"line":136},"14":{"name":"(anonymous_14)","decl":{"start":{"line":143,"column":13},"end":{"line":143,"column":14}},"loc":{"start":{"line":143,"column":30},"end":{"line":145,"column":5}},"line":143},"15":{"name":"(anonymous_15)","decl":{"start":{"line":146,"column":11},"end":{"line":146,"column":12}},"loc":{"start":{"line":146,"column":28},"end":{"line":148,"column":3}},"line":146},"16":{"name":"(anonymous_16)","decl":{"start":{"line":151,"column":48},"end":{"line":151,"column":49}},"loc":{"start":{"line":151,"column":68},"end":{"line":181,"column":1}},"line":151},"17":{"name":"(anonymous_17)","decl":{"start":{"line":157,"column":36},"end":{"line":157,"column":37}},"loc":{"start":{"line":157,"column":52},"end":{"line":178,"column":3}},"line":157},"18":{"name":"(anonymous_18)","decl":{"start":{"line":173,"column":12},"end":{"line":173,"column":13}},"loc":{"start":{"line":173,"column":24},"end":{"line":175,"column":5}},"line":173},"19":{"name":"(anonymous_19)","decl":{"start":{"line":175,"column":13},"end":{"line":175,"column":14}},"loc":{"start":{"line":175,"column":30},"end":{"line":177,"column":5}},"line":175},"20":{"name":"(anonymous_20)","decl":{"start":{"line":178,"column":11},"end":{"line":178,"column":12}},"loc":{"start":{"line":178,"column":28},"end":{"line":180,"column":3}},"line":178},"21":{"name":"(anonymous_21)","decl":{"start":{"line":183,"column":52},"end":{"line":183,"column":53}},"loc":{"start":{"line":183,"column":72},"end":{"line":213,"column":1}},"line":183},"22":{"name":"(anonymous_22)","decl":{"start":{"line":197,"column":36},"end":{"line":197,"column":37}},"loc":{"start":{"line":197,"column":52},"end":{"line":210,"column":3}},"line":197},"23":{"name":"(anonymous_23)","decl":{"start":{"line":203,"column":31},"end":{"line":203,"column":32}},"loc":{"start":{"line":203,"column":43},"end":{"line":207,"column":5}},"line":203},"24":{"name":"(anonymous_24)","decl":{"start":{"line":207,"column":13},"end":{"line":207,"column":14}},"loc":{"start":{"line":207,"column":30},"end":{"line":209,"column":5}},"line":207},"25":{"name":"(anonymous_25)","decl":{"start":{"line":210,"column":11},"end":{"line":210,"column":12}},"loc":{"start":{"line":210,"column":28},"end":{"line":212,"column":3}},"line":210}},"branchMap":{"0":{"loc":{"start":{"line":25,"column":46},"end":{"line":25,"column":92}},"type":"cond-expr","locations":[{"start":{"line":25,"column":70},"end":{"line":25,"column":73}},{"start":{"line":25,"column":76},"end":{"line":25,"column":92}}],"line":25},"1":{"loc":{"start":{"line":25,"column":46},"end":{"line":25,"column":67}},"type":"binary-expr","locations":[{"start":{"line":25,"column":46},"end":{"line":25,"column":49}},{"start":{"line":25,"column":53},"end":{"line":25,"column":67}}],"line":25},"2":{"loc":{"start":{"line":37,"column":2},"end":{"line":39,"column":3}},"type":"if","locations":[{"start":{"line":37,"column":2},"end":{"line":39,"column":3}},{"start":{"line":37,"column":2},"end":{"line":39,"column":3}}],"line":37},"3":{"loc":{"start":{"line":46,"column":4},"end":{"line":50,"column":5}},"type":"if","locations":[{"start":{"line":46,"column":4},"end":{"line":50,"column":5}},{"start":{"line":46,"column":4},"end":{"line":50,"column":5}}],"line":46},"4":{"loc":{"start":{"line":67,"column":2},"end":{"line":81,"column":3}},"type":"if","locations":[{"start":{"line":67,"column":2},"end":{"line":81,"column":3}},{"start":{"line":67,"column":2},"end":{"line":81,"column":3}}],"line":67},"5":{"loc":{"start":{"line":67,"column":6},"end":{"line":67,"column":69}},"type":"binary-expr","locations":[{"start":{"line":67,"column":6},"end":{"line":67,"column":35}},{"start":{"line":67,"column":39},"end":{"line":67,"column":69}}],"line":67},"6":{"loc":{"start":{"line":70,"column":4},"end":{"line":74,"column":5}},"type":"if","locations":[{"start":{"line":70,"column":4},"end":{"line":74,"column":5}},{"start":{"line":70,"column":4},"end":{"line":74,"column":5}}],"line":70},"7":{"loc":{"start":{"line":70,"column":8},"end":{"line":70,"column":37}},"type":"binary-expr","locations":[{"start":{"line":70,"column":8},"end":{"line":70,"column":20}},{"start":{"line":70,"column":24},"end":{"line":70,"column":37}}],"line":70},"8":{"loc":{"start":{"line":85,"column":4},"end":{"line":89,"column":5}},"type":"if","locations":[{"start":{"line":85,"column":4},"end":{"line":89,"column":5}},{"start":{"line":85,"column":4},"end":{"line":89,"column":5}}],"line":85},"9":{"loc":{"start":{"line":97,"column":2},"end":{"line":101,"column":3}},"type":"if","locations":[{"start":{"line":97,"column":2},"end":{"line":101,"column":3}},{"start":{"line":97,"column":2},"end":{"line":101,"column":3}}],"line":97},"10":{"loc":{"start":{"line":108,"column":4},"end":{"line":112,"column":5}},"type":"if","locations":[{"start":{"line":108,"column":4},"end":{"line":112,"column":5}},{"start":{"line":108,"column":4},"end":{"line":112,"column":5}}],"line":108},"11":{"loc":{"start":{"line":120,"column":2},"end":{"line":124,"column":3}},"type":"if","locations":[{"start":{"line":120,"column":2},"end":{"line":124,"column":3}},{"start":{"line":120,"column":2},"end":{"line":124,"column":3}}],"line":120},"12":{"loc":{"start":{"line":126,"column":4},"end":{"line":130,"column":5}},"type":"if","locations":[{"start":{"line":126,"column":4},"end":{"line":130,"column":5}},{"start":{"line":126,"column":4},"end":{"line":130,"column":5}}],"line":126},"13":{"loc":{"start":{"line":137,"column":6},"end":{"line":141,"column":7}},"type":"if","locations":[{"start":{"line":137,"column":6},"end":{"line":141,"column":7}},{"start":{"line":137,"column":6},"end":{"line":141,"column":7}}],"line":137},"14":{"loc":{"start":{"line":152,"column":2},"end":{"line":156,"column":3}},"type":"if","locations":[{"start":{"line":152,"column":2},"end":{"line":156,"column":3}},{"start":{"line":152,"column":2},"end":{"line":156,"column":3}}],"line":152},"15":{"loc":{"start":{"line":158,"column":4},"end":{"line":162,"column":5}},"type":"if","locations":[{"start":{"line":158,"column":4},"end":{"line":162,"column":5}},{"start":{"line":158,"column":4},"end":{"line":162,"column":5}}],"line":158},"16":{"loc":{"start":{"line":164,"column":4},"end":{"line":166,"column":5}},"type":"if","locations":[{"start":{"line":164,"column":4},"end":{"line":166,"column":5}},{"start":{"line":164,"column":4},"end":{"line":166,"column":5}}],"line":164},"17":{"loc":{"start":{"line":168,"column":16},"end":{"line":168,"column":50}},"type":"binary-expr","locations":[{"start":{"line":168,"column":16},"end":{"line":168,"column":33}},{"start":{"line":168,"column":37},"end":{"line":168,"column":50}}],"line":168},"18":{"loc":{"start":{"line":169,"column":16},"end":{"line":169,"column":50}},"type":"binary-expr","locations":[{"start":{"line":169,"column":16},"end":{"line":169,"column":33}},{"start":{"line":169,"column":37},"end":{"line":169,"column":50}}],"line":169},"19":{"loc":{"start":{"line":170,"column":16},"end":{"line":170,"column":41}},"type":"binary-expr","locations":[{"start":{"line":170,"column":16},"end":{"line":170,"column":24}},{"start":{"line":170,"column":28},"end":{"line":170,"column":41}}],"line":170},"20":{"loc":{"start":{"line":171,"column":13},"end":{"line":171,"column":41}},"type":"binary-expr","locations":[{"start":{"line":171,"column":13},"end":{"line":171,"column":27}},{"start":{"line":171,"column":31},"end":{"line":171,"column":41}}],"line":171},"21":{"loc":{"start":{"line":172,"column":14},"end":{"line":172,"column":44}},"type":"binary-expr","locations":[{"start":{"line":172,"column":14},"end":{"line":172,"column":29}},{"start":{"line":172,"column":33},"end":{"line":172,"column":44}}],"line":172},"22":{"loc":{"start":{"line":184,"column":2},"end":{"line":188,"column":3}},"type":"if","locations":[{"start":{"line":184,"column":2},"end":{"line":188,"column":3}},{"start":{"line":184,"column":2},"end":{"line":188,"column":3}}],"line":184},"23":{"loc":{"start":{"line":192,"column":2},"end":{"line":196,"column":3}},"type":"if","locations":[{"start":{"line":192,"column":2},"end":{"line":196,"column":3}},{"start":{"line":192,"column":2},"end":{"line":196,"column":3}}],"line":192},"24":{"loc":{"start":{"line":192,"column":6},"end":{"line":192,"column":46}},"type":"binary-expr","locations":[{"start":{"line":192,"column":6},"end":{"line":192,"column":30}},{"start":{"line":192,"column":34},"end":{"line":192,"column":46}}],"line":192},"25":{"loc":{"start":{"line":198,"column":4},"end":{"line":202,"column":5}},"type":"if","locations":[{"start":{"line":198,"column":4},"end":{"line":202,"column":5}},{"start":{"line":198,"column":4},"end":{"line":202,"column":5}}],"line":198}},"s":{"0":1,"1":1,"2":1,"3":1,"4":1,"5":1,"6":1,"7":1,"8":1,"9":1,"10":4,"11":1,"12":1,"13":1,"14":1,"15":3,"16":3,"17":3,"18":3,"19":1,"20":2,"21":2,"22":2,"23":1,"24":1,"25":1,"26":0,"27":1,"28":2,"29":2,"30":0,"31":0,"32":0,"33":0,"34":0,"35":2,"36":2,"37":2,"38":0,"39":2,"40":0,"41":1,"42":3,"43":1,"44":2,"45":2,"46":1,"47":1,"48":0,"49":1,"50":0,"51":0,"52":0,"53":0,"54":0,"55":0,"56":0,"57":0,"58":0,"59":0,"60":0,"61":1,"62":3,"63":1,"64":2,"65":2,"66":1,"67":1,"68":1,"69":0,"70":1,"71":1,"72":0,"73":0,"74":1,"75":2,"76":1,"77":1,"78":1,"79":1,"80":1,"81":0,"82":1,"83":1,"84":0,"85":1,"86":1,"87":0,"88":0,"89":1},"f":{"0":4,"1":3,"2":2,"3":1,"4":0,"5":2,"6":2,"7":0,"8":3,"9":2,"10":0,"11":0,"12":0,"13":0,"14":0,"15":0,"16":3,"17":2,"18":1,"19":0,"20":0,"21":2,"22":1,"23":1,"24":0,"25":0},"b":{"0":[2,2],"1":[4,4],"2":[1,2],"3":[1,1],"4":[0,2],"5":[2,0],"6":[0,0],"7":[0,0],"8":[0,2],"9":[1,2],"10":[1,1],"11":[0,0],"12":[0,0],"13":[0,0],"14":[1,2],"15":[1,1],"16":[0,1],"17":[1,1],"18":[1,0],"19":[1,1],"20":[1,1],"21":[1,1],"22":[1,1],"23":[0,1],"24":[1,1],"25":[0,1]},"_coverageSchema":"332fd63041d2c1bcb487cc26dd0d5f7d97098a6c","hash":"2675f5fdc5b9286e8d8d6399a3d9b2a8c7ec0915","contentHash":"cb9b436267a81d40c51b396b0c87161e_11.0.2"},"/Users/andeladeveloper/checkpoint2/server/shared/validators/usersData.js":{"path":"/Users/andeladeveloper/checkpoint2/server/shared/validators/usersData.js","statementMap":{"0":{"start":{"line":3,"column":0},"end":{"line":5,"column":3}},"1":{"start":{"line":7,"column":17},"end":{"line":7,"column":37}},"2":{"start":{"line":9,"column":18},"end":{"line":9,"column":52}},"3":{"start":{"line":11,"column":15},"end":{"line":11,"column":40}},"4":{"start":{"line":13,"column":16},"end":{"line":13,"column":48}},"5":{"start":{"line":15,"column":39},"end":{"line":15,"column":93}},"6":{"start":{"line":17,"column":20},"end":{"line":35,"column":1}},"7":{"start":{"line":18,"column":15},"end":{"line":18,"column":17}},"8":{"start":{"line":19,"column":2},"end":{"line":21,"column":3}},"9":{"start":{"line":20,"column":4},"end":{"line":20,"column":45}},"10":{"start":{"line":22,"column":2},"end":{"line":24,"column":3}},"11":{"start":{"line":23,"column":4},"end":{"line":23,"column":39}},"12":{"start":{"line":25,"column":2},"end":{"line":27,"column":3}},"13":{"start":{"line":26,"column":4},"end":{"line":26,"column":45}},"14":{"start":{"line":28,"column":2},"end":{"line":30,"column":3}},"15":{"start":{"line":29,"column":4},"end":{"line":29,"column":45}},"16":{"start":{"line":31,"column":2},"end":{"line":34,"column":4}},"17":{"start":{"line":37,"column":0},"end":{"line":37,"column":32}}},"fnMap":{"0":{"name":"_interopRequireDefault","decl":{"start":{"line":15,"column":9},"end":{"line":15,"column":31}},"loc":{"start":{"line":15,"column":37},"end":{"line":15,"column":95}},"line":15},"1":{"name":"validateInput","decl":{"start":{"line":17,"column":29},"end":{"line":17,"column":42}},"loc":{"start":{"line":17,"column":49},"end":{"line":35,"column":1}},"line":17}},"branchMap":{"0":{"loc":{"start":{"line":15,"column":46},"end":{"line":15,"column":92}},"type":"cond-expr","locations":[{"start":{"line":15,"column":70},"end":{"line":15,"column":73}},{"start":{"line":15,"column":76},"end":{"line":15,"column":92}}],"line":15},"1":{"loc":{"start":{"line":15,"column":46},"end":{"line":15,"column":67}},"type":"binary-expr","locations":[{"start":{"line":15,"column":46},"end":{"line":15,"column":49}},{"start":{"line":15,"column":53},"end":{"line":15,"column":67}}],"line":15},"2":{"loc":{"start":{"line":19,"column":2},"end":{"line":21,"column":3}},"type":"if","locations":[{"start":{"line":19,"column":2},"end":{"line":21,"column":3}},{"start":{"line":19,"column":2},"end":{"line":21,"column":3}}],"line":19},"3":{"loc":{"start":{"line":19,"column":6},"end":{"line":19,"column":79}},"type":"binary-expr","locations":[{"start":{"line":19,"column":6},"end":{"line":19,"column":33}},{"start":{"line":19,"column":37},"end":{"line":19,"column":79}}],"line":19},"4":{"loc":{"start":{"line":22,"column":2},"end":{"line":24,"column":3}},"type":"if","locations":[{"start":{"line":22,"column":2},"end":{"line":24,"column":3}},{"start":{"line":22,"column":2},"end":{"line":24,"column":3}}],"line":22},"5":{"loc":{"start":{"line":22,"column":6},"end":{"line":22,"column":73}},"type":"binary-expr","locations":[{"start":{"line":22,"column":6},"end":{"line":22,"column":30}},{"start":{"line":22,"column":34},"end":{"line":22,"column":73}}],"line":22},"6":{"loc":{"start":{"line":25,"column":2},"end":{"line":27,"column":3}},"type":"if","locations":[{"start":{"line":25,"column":2},"end":{"line":27,"column":3}},{"start":{"line":25,"column":2},"end":{"line":27,"column":3}}],"line":25},"7":{"loc":{"start":{"line":25,"column":6},"end":{"line":25,"column":79}},"type":"binary-expr","locations":[{"start":{"line":25,"column":6},"end":{"line":25,"column":33}},{"start":{"line":25,"column":37},"end":{"line":25,"column":79}}],"line":25},"8":{"loc":{"start":{"line":28,"column":2},"end":{"line":30,"column":3}},"type":"if","locations":[{"start":{"line":28,"column":2},"end":{"line":30,"column":3}},{"start":{"line":28,"column":2},"end":{"line":30,"column":3}}],"line":28},"9":{"loc":{"start":{"line":28,"column":6},"end":{"line":28,"column":79}},"type":"binary-expr","locations":[{"start":{"line":28,"column":6},"end":{"line":28,"column":33}},{"start":{"line":28,"column":37},"end":{"line":28,"column":79}}],"line":28}},"s":{"0":1,"1":1,"2":1,"3":1,"4":1,"5":2,"6":1,"7":3,"8":3,"9":1,"10":3,"11":0,"12":3,"13":1,"14":3,"15":1,"16":3,"17":1},"f":{"0":2,"1":3},"b":{"0":[0,2],"1":[2,2],"2":[1,2],"3":[3,3],"4":[0,3],"5":[3,3],"6":[1,2],"7":[3,3],"8":[1,2],"9":[3,3]},"_coverageSchema":"332fd63041d2c1bcb487cc26dd0d5f7d97098a6c","hash":"daceb3e881589eba12032183132bfae1f30342dd","contentHash":"20d070a8d63388053be6a224c51c7985_11.0.2"},"/Users/andeladeveloper/checkpoint2/server/routes/middlewares/authenticateUsers.js":{"path":"/Users/andeladeveloper/checkpoint2/server/routes/middlewares/authenticateUsers.js","statementMap":{"0":{"start":{"line":3,"column":0},"end":{"line":5,"column":3}},"1":{"start":{"line":7,"column":20},"end":{"line":7,"column":43}},"2":{"start":{"line":9,"column":21},"end":{"line":9,"column":58}},"3":{"start":{"line":11,"column":14},"end":{"line":11,"column":41}},"4":{"start":{"line":13,"column":15},"end":{"line":13,"column":46}},"5":{"start":{"line":15,"column":39},"end":{"line":15,"column":93}},"6":{"start":{"line":17,"column":11},"end":{"line":17,"column":39}},"7":{"start":{"line":19,"column":0},"end":{"line":49,"column":2}},"8":{"start":{"line":20,"column":18},"end":{"line":20,"column":43}},"9":{"start":{"line":21,"column":14},"end":{"line":21,"column":20}},"10":{"start":{"line":22,"column":2},"end":{"line":24,"column":3}},"11":{"start":{"line":23,"column":4},"end":{"line":23,"column":36}},"12":{"start":{"line":25,"column":2},"end":{"line":48,"column":3}},"13":{"start":{"line":26,"column":4},"end":{"line":43,"column":7}},"14":{"start":{"line":27,"column":6},"end":{"line":42,"column":7}},"15":{"start":{"line":28,"column":8},"end":{"line":30,"column":11}},"16":{"start":{"line":32,"column":21},"end":{"line":32,"column":31}},"17":{"start":{"line":33,"column":8},"end":{"line":41,"column":11}},"18":{"start":{"line":34,"column":10},"end":{"line":38,"column":11}},"19":{"start":{"line":35,"column":12},"end":{"line":37,"column":15}},"20":{"start":{"line":39,"column":10},"end":{"line":39,"column":50}},"21":{"start":{"line":40,"column":10},"end":{"line":40,"column":17}},"22":{"start":{"line":45,"column":4},"end":{"line":47,"column":7}}},"fnMap":{"0":{"name":"_interopRequireDefault","decl":{"start":{"line":15,"column":9},"end":{"line":15,"column":31}},"loc":{"start":{"line":15,"column":37},"end":{"line":15,"column":95}},"line":15},"1":{"name":"(anonymous_1)","decl":{"start":{"line":19,"column":18},"end":{"line":19,"column":19}},"loc":{"start":{"line":19,"column":44},"end":{"line":49,"column":1}},"line":19},"2":{"name":"(anonymous_2)","decl":{"start":{"line":26,"column":69},"end":{"line":26,"column":70}},"loc":{"start":{"line":26,"column":93},"end":{"line":43,"column":5}},"line":26},"3":{"name":"(anonymous_3)","decl":{"start":{"line":33,"column":35},"end":{"line":33,"column":36}},"loc":{"start":{"line":33,"column":51},"end":{"line":41,"column":9}},"line":33}},"branchMap":{"0":{"loc":{"start":{"line":15,"column":46},"end":{"line":15,"column":92}},"type":"cond-expr","locations":[{"start":{"line":15,"column":70},"end":{"line":15,"column":73}},{"start":{"line":15,"column":76},"end":{"line":15,"column":92}}],"line":15},"1":{"loc":{"start":{"line":15,"column":46},"end":{"line":15,"column":67}},"type":"binary-expr","locations":[{"start":{"line":15,"column":46},"end":{"line":15,"column":49}},{"start":{"line":15,"column":53},"end":{"line":15,"column":67}}],"line":15},"2":{"loc":{"start":{"line":22,"column":2},"end":{"line":24,"column":3}},"type":"if","locations":[{"start":{"line":22,"column":2},"end":{"line":24,"column":3}},{"start":{"line":22,"column":2},"end":{"line":24,"column":3}}],"line":22},"3":{"loc":{"start":{"line":25,"column":2},"end":{"line":48,"column":3}},"type":"if","locations":[{"start":{"line":25,"column":2},"end":{"line":48,"column":3}},{"start":{"line":25,"column":2},"end":{"line":48,"column":3}}],"line":25},"4":{"loc":{"start":{"line":27,"column":6},"end":{"line":42,"column":7}},"type":"if","locations":[{"start":{"line":27,"column":6},"end":{"line":42,"column":7}},{"start":{"line":27,"column":6},"end":{"line":42,"column":7}}],"line":27},"5":{"loc":{"start":{"line":34,"column":10},"end":{"line":38,"column":11}},"type":"if","locations":[{"start":{"line":34,"column":10},"end":{"line":38,"column":11}},{"start":{"line":34,"column":10},"end":{"line":38,"column":11}}],"line":34}},"s":{"0":1,"1":1,"2":1,"3":1,"4":1,"5":2,"6":1,"7":1,"8":29,"9":29,"10":29,"11":29,"12":29,"13":29,"14":29,"15":0,"16":29,"17":29,"18":29,"19":0,"20":29,"21":29,"22":0},"f":{"0":2,"1":29,"2":29,"3":29},"b":{"0":[1,1],"1":[2,2],"2":[29,0],"3":[29,0],"4":[0,29],"5":[0,29]},"_coverageSchema":"332fd63041d2c1bcb487cc26dd0d5f7d97098a6c","hash":"96edeea3f52b3e3c0a3b9e1a0c40c67734f1274b","contentHash":"92fde331cbec37bc6edf8bbea155b876_11.0.2"},"/Users/andeladeveloper/checkpoint2/server/routes/search.js":{"path":"/Users/andeladeveloper/checkpoint2/server/routes/search.js","statementMap":{"0":{"start":{"line":3,"column":0},"end":{"line":5,"column":3}},"1":{"start":{"line":7,"column":15},"end":{"line":7,"column":33}},"2":{"start":{"line":9,"column":16},"end":{"line":9,"column":48}},"3":{"start":{"line":11,"column":25},"end":{"line":11,"column":67}},"4":{"start":{"line":13,"column":26},"end":{"line":13,"column":68}},"5":{"start":{"line":15,"column":39},"end":{"line":15,"column":93}},"6":{"start":{"line":17,"column":11},"end":{"line":17,"column":36}},"7":{"start":{"line":18,"column":15},"end":{"line":18,"column":44}},"8":{"start":{"line":20,"column":13},"end":{"line":20,"column":39}},"9":{"start":{"line":22,"column":0},"end":{"line":45,"column":3}},"10":{"start":{"line":23,"column":2},"end":{"line":25,"column":3}},"11":{"start":{"line":24,"column":4},"end":{"line":24,"column":24}},"12":{"start":{"line":26,"column":20},"end":{"line":26,"column":42}},"13":{"start":{"line":27,"column":2},"end":{"line":44,"column":5}},"14":{"start":{"line":38,"column":4},"end":{"line":40,"column":5}},"15":{"start":{"line":39,"column":6},"end":{"line":39,"column":38}},"16":{"start":{"line":41,"column":4},"end":{"line":41,"column":39}},"17":{"start":{"line":43,"column":4},"end":{"line":43,"column":39}},"18":{"start":{"line":47,"column":0},"end":{"line":65,"column":3}},"19":{"start":{"line":48,"column":2},"end":{"line":50,"column":3}},"20":{"start":{"line":49,"column":4},"end":{"line":49,"column":24}},"21":{"start":{"line":51,"column":2},"end":{"line":64,"column":5}},"22":{"start":{"line":58,"column":4},"end":{"line":60,"column":5}},"23":{"start":{"line":59,"column":6},"end":{"line":59,"column":26}},"24":{"start":{"line":61,"column":4},"end":{"line":61,"column":38}},"25":{"start":{"line":63,"column":4},"end":{"line":63,"column":39}},"26":{"start":{"line":67,"column":0},"end":{"line":67,"column":25}}},"fnMap":{"0":{"name":"_interopRequireDefault","decl":{"start":{"line":15,"column":9},"end":{"line":15,"column":31}},"loc":{"start":{"line":15,"column":37},"end":{"line":15,"column":95}},"line":15},"1":{"name":"(anonymous_1)","decl":{"start":{"line":22,"column":50},"end":{"line":22,"column":51}},"loc":{"start":{"line":22,"column":70},"end":{"line":45,"column":1}},"line":22},"2":{"name":"(anonymous_2)","decl":{"start":{"line":37,"column":10},"end":{"line":37,"column":11}},"loc":{"start":{"line":37,"column":27},"end":{"line":42,"column":3}},"line":37},"3":{"name":"(anonymous_3)","decl":{"start":{"line":42,"column":11},"end":{"line":42,"column":12}},"loc":{"start":{"line":42,"column":28},"end":{"line":44,"column":3}},"line":42},"4":{"name":"(anonymous_4)","decl":{"start":{"line":47,"column":54},"end":{"line":47,"column":55}},"loc":{"start":{"line":47,"column":74},"end":{"line":65,"column":1}},"line":47},"5":{"name":"(anonymous_5)","decl":{"start":{"line":57,"column":10},"end":{"line":57,"column":11}},"loc":{"start":{"line":57,"column":26},"end":{"line":62,"column":3}},"line":57},"6":{"name":"(anonymous_6)","decl":{"start":{"line":62,"column":11},"end":{"line":62,"column":12}},"loc":{"start":{"line":62,"column":28},"end":{"line":64,"column":3}},"line":62}},"branchMap":{"0":{"loc":{"start":{"line":15,"column":46},"end":{"line":15,"column":92}},"type":"cond-expr","locations":[{"start":{"line":15,"column":70},"end":{"line":15,"column":73}},{"start":{"line":15,"column":76},"end":{"line":15,"column":92}}],"line":15},"1":{"loc":{"start":{"line":15,"column":46},"end":{"line":15,"column":67}},"type":"binary-expr","locations":[{"start":{"line":15,"column":46},"end":{"line":15,"column":49}},{"start":{"line":15,"column":53},"end":{"line":15,"column":67}}],"line":15},"2":{"loc":{"start":{"line":23,"column":2},"end":{"line":25,"column":3}},"type":"if","locations":[{"start":{"line":23,"column":2},"end":{"line":25,"column":3}},{"start":{"line":23,"column":2},"end":{"line":25,"column":3}}],"line":23},"3":{"loc":{"start":{"line":38,"column":4},"end":{"line":40,"column":5}},"type":"if","locations":[{"start":{"line":38,"column":4},"end":{"line":40,"column":5}},{"start":{"line":38,"column":4},"end":{"line":40,"column":5}}],"line":38},"4":{"loc":{"start":{"line":48,"column":2},"end":{"line":50,"column":3}},"type":"if","locations":[{"start":{"line":48,"column":2},"end":{"line":50,"column":3}},{"start":{"line":48,"column":2},"end":{"line":50,"column":3}}],"line":48},"5":{"loc":{"start":{"line":58,"column":4},"end":{"line":60,"column":5}},"type":"if","locations":[{"start":{"line":58,"column":4},"end":{"line":60,"column":5}},{"start":{"line":58,"column":4},"end":{"line":60,"column":5}}],"line":58}},"s":{"0":1,"1":1,"2":1,"3":1,"4":1,"5":2,"6":1,"7":1,"8":1,"9":1,"10":2,"11":0,"12":2,"13":2,"14":2,"15":1,"16":1,"17":0,"18":1,"19":2,"20":0,"21":2,"22":2,"23":1,"24":1,"25":0,"26":1},"f":{"0":2,"1":2,"2":2,"3":0,"4":2,"5":2,"6":0},"b":{"0":[1,1],"1":[2,2],"2":[0,2],"3":[1,1],"4":[0,2],"5":[1,1]},"_coverageSchema":"332fd63041d2c1bcb487cc26dd0d5f7d97098a6c","hash":"c3d56affe521ae4a8869ec8e2089ae0b6c3e4fa3","contentHash":"f51a67825399e7a0f62811f41144caa1_11.0.2"},"/Users/andeladeveloper/checkpoint2/server/routes/documents.js":{"path":"/Users/andeladeveloper/checkpoint2/server/routes/documents.js","statementMap":{"0":{"start":{"line":3,"column":0},"end":{"line":5,"column":3}},"1":{"start":{"line":7,"column":15},"end":{"line":7,"column":33}},"2":{"start":{"line":9,"column":16},"end":{"line":9,"column":48}},"3":{"start":{"line":11,"column":14},"end":{"line":11,"column":31}},"4":{"start":{"line":13,"column":15},"end":{"line":13,"column":46}},"5":{"start":{"line":15,"column
[...]
9},"end":{"line":141,"column":20}},"64":{"start":{"line":142,"column":2},"end":{"line":183,"column":5}},"65":{"start":{"line":143,"column":4},"end":{"line":147,"column":5}},"66":{"start":{"line":144,"column":6},"end":{"line":146,"column":9}},"67":{"start":{"line":149,"column":27},"end":{"line":149,"column":111}},"68":{"start":{"line":150,"column":24},"end":{"line":150,"column":54}},"69":{"start":{"line":151,"column":19},"end":{"line":151,"column":44}},"70":{"start":{"line":153,"column":4},"end":{"line":155,"column":5}},"71":{"start":{"line":154,"column":6},"end":{"line":154,"column":44}},"72":{"start":{"line":156,"column":4},"end":{"line":180,"column":7}},"73":{"start":{"line":161,"column":6},"end":{"line":165,"column":7}},"74":{"start":{"line":162,"column":8},"end":{"line":164,"column":11}},"75":{"start":{"line":166,"column":6},"end":{"line":177,"column":9}},"76":{"start":{"line":174,"column":8},"end":{"line":174,"column":41}},"77":{"start":{"line":176,"column":8},"end":{"line":176,"column":43}},"78":{"start":{"line":179,"column":6},"end":{"line":179,"column":29}},"79":{"start":{"line":182,"column":4},"end":{"line":182,"column":39}},"80":{"start":{"line":186,"column":0},"end":{"line":218,"column":3}},"81":{"start":{"line":187,"column":2},"end":{"line":191,"column":3}},"82":{"start":{"line":188,"column":4},"end":{"line":190,"column":7}},"83":{"start":{"line":192,"column":15},"end":{"line":192,"column":16}},"84":{"start":{"line":193,"column":19},"end":{"line":193,"column":20}},"85":{"start":{"line":194,"column":2},"end":{"line":217,"column":5}},"86":{"start":{"line":195,"column":4},"end":{"line":199,"column":5}},"87":{"start":{"line":196,"column":6},"end":{"line":198,"column":9}},"88":{"start":{"line":201,"column":27},"end":{"line":201,"column":111}},"89":{"start":{"line":202,"column":24},"end":{"line":202,"column":54}},"90":{"start":{"line":203,"column":19},"end":{"line":203,"column":44}},"91":{"start":{"line":205,"column":4},"end":{"line":207,"column":5}},"92":{"start":{"line":206,"column":6},"end":{"line":206,"column":44}},"93":{"start":{"line":208,"column":4},"end":{"line":214,"column":7}},"94":{"start":{"line":209,"column":6},"end":{"line":211,"column":9}},"95":{"start":{"line":213,"column":6},"end":{"line":213,"column":41}},"96":{"start":{"line":216,"column":4},"end":{"line":216,"column":39}},"97":{"start":{"line":220,"column":0},"end":{"line":220,"column":25}}},"fnMap":{"0":{"name":"_interopRequireDefault","decl":{"start":{"line":25,"column":9},"end":{"line":25,"column":31}},"loc":{"start":{"line":25,"column":37},"end":{"line":25,"column":95}},"line":25},"1":{"name":"(anonymous_1)","decl":{"start":{"line":35,"column":46},"end":{"line":35,"column":47}},"loc":{"start":{"line":35,"column":66},"end":{"line":66,"column":1}},"line":35},"2":{"name":"(anonymous_2)","decl":{"start":{"line":47,"column":10},"end":{"line":47,"column":11}},"loc":{"start":{"line":47,"column":25},"end":{"line":65,"column":3}},"line":47},"3":{"name":"(anonymous_3)","decl":{"start":{"line":60,"column":12},"end":{"line":60,"column":13}},"loc":{"start":{"line":60,"column":30},"end":{"line":62,"column":5}},"line":60},"4":{"name":"(anonymous_4)","decl":{"start":{"line":62,"column":13},"end":{"line":62,"column":14}},"loc":{"start":{"line":62,"column":30},"end":{"line":64,"column":5}},"line":62},"5":{"name":"(anonymous_5)","decl":{"start":{"line":71,"column":45},"end":{"line":71,"column":46}},"loc":{"start":{"line":71,"column":65},"end":{"line":104,"column":1}},"line":71},"6":{"name":"(anonymous_6)","decl":{"start":{"line":89,"column":37},"end":{"line":89,"column":38}},"loc":{"start":{"line":89,"column":52},"end":{"line":101,"column":3}},"line":89},"7":{"name":"(anonymous_7)","decl":{"start":{"line":101,"column":11},"end":{"line":101,"column":12}},"loc":{"start":{"line":101,"column":28},"end":{"line":103,"column":3}},"line":101},"8":{"name":"(anonymous_8)","decl":{"start":{"line":106,"column":48},"end":{"line":106,"column":49}},"loc":{"start":{"line":106,"column":68},"end":{"line":132,"column":1}},"line":106},"9":{"name":"(anonymous_9)","decl":{"start":{"line":114,"column":40},"end":{"line":114,"column":41}},"loc":{"start":{"line":114,"column":55},"end":{"line":129,"column":3}},"line":114},"10":{"name":"(anonymous_10)","decl":{"start":{"line":129,"column":11},"end":{"line":129,"column":12}},"loc":{"start":{"line":129,"column":28},"end":{"line":131,"column":3}},"line":129},"11":{"name":"(anonymous_11)","decl":{"start":{"line":134,"column":48},"end":{"line":134,"column":49}},"loc":{"start":{"line":134,"column":68},"end":{"line":184,"column":1}},"line":134},"12":{"name":"(anonymous_12)","decl":{"start":{"line":142,"column":40},"end":{"line":142,"column":41}},"loc":{"start":{"line":142,"column":55},"end":{"line":181,"column":3}},"line":142},"13":{"name":"(anonymous_13)","decl":{"start":{"line":160,"column":12},"end":{"line":160,"column":13}},"loc":{"start":{"line":160,"column":35},"end":{"line":178,"column":5}},"line":160},"14":{"name":"(anonymous_14)","decl":{"start":{"line":173,"column":14},"end":{"line":173,"column":15}},"loc":{"start":{"line":173,"column":26},"end":{"line":175,"column":7}},"line":173},"15":{"name":"(anonymous_15)","decl":{"start":{"line":175,"column":15},"end":{"line":175,"column":16}},"loc":{"start":{"line":175,"column":32},"end":{"line":177,"column":7}},"line":175},"16":{"name":"(anonymous_16)","decl":{"start":{"line":178,"column":13},"end":{"line":178,"column":14}},"loc":{"start":{"line":178,"column":30},"end":{"line":180,"column":5}},"line":178},"17":{"name":"(anonymous_17)","decl":{"start":{"line":181,"column":11},"end":{"line":181,"column":12}},"loc":{"start":{"line":181,"column":28},"end":{"line":183,"column":3}},"line":181},"18":{"name":"(anonymous_18)","decl":{"start":{"line":186,"column":52},"end":{"line":186,"column":53}},"loc":{"start":{"line":186,"column":72},"end":{"line":218,"column":1}},"line":186},"19":{"name":"(anonymous_19)","decl":{"start":{"line":194,"column":40},"end":{"line":194,"column":41}},"loc":{"start":{"line":194,"column":55},"end":{"line":215,"column":3}},"line":194},"20":{"name":"(anonymous_20)","decl":{"start":{"line":208,"column":30},"end":{"line":208,"column":31}},"loc":{"start":{"line":208,"column":42},"end":{"line":212,"column":5}},"line":208},"21":{"name":"(anonymous_21)","decl":{"start":{"line":212,"column":13},"end":{"line":212,"column":14}},"loc":{"start":{"line":212,"column":30},"end":{"line":214,"column":5}},"line":212},"22":{"name":"(anonymous_22)","decl":{"start":{"line":215,"column":11},"end":{"line":215,"column":12}},"loc":{"start":{"line":215,"column":28},"end":{"line":217,"column":3}},"line":215}},"branchMap":{"0":{"loc":{"start":{"line":25,"column":46},"end":{"line":25,"column":92}},"type":"cond-expr","locations":[{"start":{"line":25,"column":70},"end":{"line":25,"column":73}},{"start":{"line":25,"column":76},"end":{"line":25,"column":92}}],"line":25},"1":{"loc":{"start":{"line":25,"column":46},"end":{"line":25,"column":67}},"type":"binary-expr","locations":[{"start":{"line":25,"column":46},"end":{"line":25,"column":49}},{"start":{"line":25,"column":53},"end":{"line":25,"column":67}}],"line":25},"2":{"loc":{"start":{"line":40,"column":2},"end":{"line":42,"column":3}},"type":"if","locations":[{"start":{"line":40,"column":2},"end":{"line":42,"column":3}},{"start":{"line":40,"column":2},"end":{"line":42,"column":3}}],"line":40},"3":{"loc":{"start":{"line":48,"column":4},"end":{"line":52,"column":5}},"type":"if","locations":[{"start":{"line":48,"column":4},"end":{"line":52,"column":5}},{"start":{"line":48,"column":4},"end":{"line":52,"column":5}}],"line":48},"4":{"loc":{"start":{"line":73,"column":2},"end":{"line":87,"column":3}},"type":"if","locations":[{"start":{"line":73,"column":2},"end":{"line":87,"column":3}},{"start":{"line":73,"column":2},"end":{"line":87,"column":3}}],"line":73},"5":{"loc":{"start":{"line":73,"column":6},"end":{"line":73,"column":69}},"type":"binary-expr","locations":[{"start":{"line":73,"column":6},"end":{"line":73,"column":35}},{"start":{"line":73,"column":39},"end":{"line":73,"column":69}}],"line":73},"6":{"loc":{"start":{"line":76,"column":4},"end":{"line":80,"column":5}},"type":"if","locations":[{"start":{"line":76,"column":4},"end":{"line":80,"column":5}},{"start":{"line":76,"column":4},"end":{"line":80,"column":5}}],"line":76},"7":{"loc":{"start":{"line":76,"column":8},"end":{"line":76,"column":37}},"type":"binary-expr","locations":[{"start":{"line":76,"column":8},"end":{"line":76,"column":20}},{"start":{"line":76,"column":24},"end":{"line":76,"column":37}}],"line":76},"8":{"loc":{"start":{"line":90,"column":4},"end":{"line":94,"column":5}},"type":"if","locations":[{"start":{"line":90,"column":4},"end":{"line":94,"column":5}},{"start":{"line":90,"column":4},"end":{"line":94,"column":5}}],"line":90},"9":{"loc":{"start":{"line":95,"column":4},"end":{"line":97,"column":5}},"type":"if","locations":[{"start":{"line":95,"column":4},"end":{"line":97,"column":5}},{"start":{"line":95,"column":4},"end":{"line":97,"column":5}}],"line":95},"10":{"loc":{"start":{"line":107,"column":2},"end":{"line":111,"column":3}},"type":"if","locations":[{"start":{"line":107,"column":2},"end":{"line":111,"column":3}},{"start":{"line":107,"column":2},"end":{"line":111,"column":3}}],"line":107},"11":{"loc":{"start":{"line":115,"column":4},"end":{"line":119,"column":5}},"type":"if","locations":[{"start":{"line":115,"column":4},"end":{"line":119,"column":5}},{"start":{"line":115,"column":4},"end":{"line":119,"column":5}}],"line":115},"12":{"loc":{"start":{"line":125,"column":4},"end":{"line":127,"column":5}},"type":"if","locations":[{"start":{"line":125,"column":4},"end":{"line":127,"column":5}},{"start":{"line":125,"column":4},"end":{"line":127,"column":5}}],"line":125},"13":{"loc":{"start":{"line":135,"column":2},"end":{"line":139,"column":3}},"type":"if","locations":[{"start":{"line":135,"column":2},"end":{"line":139,"column":3}},{"start":{"line":135,"column":2},"end":{"line":139,"column":3}}],"line":135},"14":{"loc":{"start":{"line":143,"column":4},"end":{"line":147,"column":5}},"type":"if","locations":[{"start":{"line":143,"column":4},"end":{"line":147,"column":5}},{"start":{"line":143,"column":4},"end":{"line":147,"column":5}}],"line":143},"15":{"loc":{"start":{"line":153,"column":4},"end":{"line":155,"column":5}},"type":"if","locations":[{"start":{"line":153,"column":4},"end":{"line":155,"column":5}},{"start":{"line":153,"column":4},"end":{"line":155,"column":5}}],"line":153},"16":{"loc":{"start":{"line":161,"column":6},"end":{"line":165,"column":7}},"type":"if","locations":[{"start":{"line":161,"column":6},"end":{"line":165,"column":7}},{"start":{"line":161,"column":6},"end":{"line":165,"column":7}}],"line":161},"17":{"loc":{"start":{"line":161,"column":10},"end":{"line":161,"column":97}},"type":"binary-expr","locations":[{"start":{"line":161,"column":10},"end":{"line":161,"column":34}},{"start":{"line":161,"column":38},"end":{"line":161,"column":97}}],"line":161},"18":{"loc":{"start":{"line":167,"column":15},"end":{"line":167,"column":42}},"type":"binary-expr","locations":[{"start":{"line":167,"column":15},"end":{"line":167,"column":29}},{"start":{"line":167,"column":33},"end":{"line":167,"column":42}}],"line":167},"19":{"loc":{"start":{"line":168,"column":16},"end":{"line":168,"column":45}},"type":"binary-expr","locations":[{"start":{"line":168,"column":16},"end":{"line":168,"column":31}},{"start":{"line":168,"column":35},"end":{"line":168,"column":45}}],"line":168},"20":{"loc":{"start":{"line":169,"column":16},"end":{"line":169,"column":45}},"type":"binary-expr","locations":[{"start":{"line":169,"column":16},"end":{"line":169,"column":31}},{"start":{"line":169,"column":35},"end":{"line":169,"column":45}}],"line":169},"21":{"loc":{"start":{"line":170,"column":17},"end":{"line":170,"column":48}},"type":"binary-expr","locations":[{"start":{"line":170,"column":17},"end":{"line":170,"column":33}},{"start":{"line":170,"column":37},"end":{"line":170,"column":48}}],"line":170},"22":{"loc":{"start":{"line":171,"column":18},"end":{"line":171,"column":51}},"type":"binary-expr","locations":[{"start":{"line":171,"column":18},"end":{"line":171,"column":35}},{"start":{"line":171,"column":39},"end":{"line":171,"column":51}}],"line":171},"23":{"loc":{"start":{"line":172,"column":16},"end":{"line":172,"column":45}},"type":"binary-expr","locations":[{"start":{"line":172,"column":16},"end":{"line":172,"column":31}},{"start":{"line":172,"column":35},"end":{"line":172,"column":45}}],"line":172},"24":{"loc":{"start":{"line":187,"column":2},"end":{"line":191,"column":3}},"type":"if","locations":[{"start":{"line":187,"column":2},"end":{"line":191,"column":3}},{"start":{"line":187,"column":2},"end":{"line":191,"column":3}}],"line":187},"25":{"loc":{"start":{"line":195,"column":4},"end":{"line":199,"column":5}},"type":"if","locations":[{"start":{"line":195,"column":4},"end":{"line":199,"column":5}},{"start":{"line":195,"column":4},"end":{"line":199,"column":5}}],"line":195},"26":{"loc":{"start":{"line":205,"column":4},"end":{"line":207,"column":5}},"type":"if","locations":[{"start":{"line":205,"column":4},"end":{"line":207,"column":5}},{"start":{"line":205,"column":4},"end":{"line":207,"column":5}}],"line":205}},"s":{"0":1,"1":1,"2":1,"3":1,"4":1,"5":1,"6":1,"7":1,"8":1,"9":1,"10":4,"11":1,"12":1,"13":1,"14":3,"15":3,"16":3,"17":3,"18":1,"19":2,"20":2,"21":1,"22":1,"23":1,"24":0,"25":1,"26":3,"27":3,"28":0,"29":0,"30":0,"31":0,"32":0,"33":3,"34":3,"35":3,"36":3,"37":3,"38":0,"39":0,"40":0,"41":0,"42":0,"43":0,"44":1,"45":0,"46":0,"47":0,"48":0,"49":0,"50":0,"51":0,"52":0,"53":0,"54":0,"55":0,"56":0,"57":0,"58":0,"59":1,"60":3,"61":1,"62":2,"63":2,"64":2,"65":2,"66":1,"67":1,"68":1,"69":1,"70":1,"71":0,"72":1,"73":1,"74":0,"75":1,"76":1,"77":0,"78":0,"79":0,"80":1,"81":3,"82":1,"83":2,"84":2,"85":2,"86":2,"87":1,"88":1,"89":1,"90":1,"91":1,"92":0,"93":1,"94":1,"95":0,"96":0,"97":1},"f":{"0":4,"1":3,"2":2,"3":1,"4":0,"5":3,"6":3,"7":0,"8":0,"9":0,"10":0,"11":3,"12":2,"13":1,"14":1,"15":0,"16":0,"17":0,"18":3,"19":2,"20":1,"21":0,"22":0},"b":{"0":[2,2],"1":[4,4],"2":[1,2],"3":[1,1],"4":[0,3],"5":[3,0],"6":[0,0],"7":[0,0],"8":[3,0],"9":[0,0],"10":[0,0],"11":[0,0],"12":[0,0],"13":[1,2],"14":[1,1],"15":[0,1],"16":[0,1],"17":[1,0],"18":[1,1],"19":[1,1],"20":[1,1],"21":[1,0],"22":[1,1],"23":[1,1],"24":[1,2],"25":[1,1],"26":[0,1]},"_coverageSchema":"332fd63041d2c1bcb487cc26dd0d5f7d97098a6c","hash":"47db4029bc5433e218fac9fc4a32b66780e1045f","contentHash":"a42828c9af9dc19955a46d24a7c9de28_11.0.2"},"/Users/andeladeveloper/checkpoint2/server/shared/validators/documentPostData.js":{"path":"/Users/andeladeveloper/checkpoint2/server/shared/validators/documentPostData.js","statementMap":{"0":{"start":{"line":3,"column":0},"end":{"line":5,"column":3}},"1":{"start":{"line":7,"column":17},"end":{"line":7,"column":37}},"2":{"start":{"line":9,"column":18},"end":{"line":9,"column":52}},"3":{"start":{"line":11,"column":15},"end":{"line":11,"column":40}},"4":{"start":{"line":13,"column":16},"end":{"line":13,"column":48}},"5":{"start":{"line":15,"column":39},"end":{"line":15,"column":93}},"6":{"start":{"line":17,"column":27},"end":{"line":41,"column":1}},"7":{"start":{"line":18,"column":15},"end":{"line":18,"column":17}},"8":{"start":{"line":19,"column":2},"end":{"line":21,"column":3}},"9":{"start":{"line":20,"column":4},"end":{"line":20,"column":45}},"10":{"start":{"line":22,"column":2},"end":{"line":24,"column":3}},"11":{"start":{"line":23,"column":4},"end":{"line":23,"column":43}},"12":{"start":{"line":25,"column":2},"end":{"line":27,"column":3}},"13":{"start":{"line":26,"column":4},"end":{"line":26,"column":48}},"14":{"start":{"line":28,"column":2},"end":{"line":30,"column":3}},"15":{"start":{"line":29,"column":4},"end":{"line":29,"column":46}},"16":{"start":{"line":31,"column":2},"end":{"line":33,"column":3}},"17":{"start":{"line":32,"column":4},"end":{"line":32,"column":39}},"18":{"start":{"line":34,"column":2},"end":{"line":36,"column":3}},"19":{"start":{"line":35,"column":4},"end":{"line":35,"column":46}},"20":{"start":{"line":37,"column":2},"end":{"line":40,"column":4}},"21":{"start":{"line":43,"column":0},"end":{"line":43,"column":39}}},"fnMap":{"0":{"name":"_interopRequireDefault","decl":{"start":{"line":15,"column":9},"end":{"line":15,"column":31}},"loc":{"start":{"line":15,"column":37},"end":{"line":15,"column":95}},"line":15},"1":{"name":"validateDocumentData","decl":{"start":{"line":17,"column":36},"end":{"line":17,"column":56}},"loc":{"start":{"line":17,"column":63},"end":{"line":41,"column":1}},"line":17}},"branchMap":{"0":{"loc":{"start":{"line":15,"column":46},"end":{"line":15,"column":92}},"type":"cond-expr","locations":[{"start":{"line":15,"column":70},"end":{"line":15,"column":73}},{"start":{"line":15,"column":76},"end":{"line":15,"column":92}}],"line":15},"1":{"loc":{"start":{"line":15,"column":46},"end":{"line":15,"column":67}},"type":"binary-expr","locations":[{"start":{"line":15,"column":46},"end":{"line":15,"column":49}},{"start":{"line":15,"column":53},"end":{"line":15,"column":67}}],"line":15},"2":{"loc":{"start":{"line":19,"column":2},"end":{"line":21,"column":3}},"type":"if","locations":[{"start":{"line":19,"column":2},"end":{"line":21,"column":3}},{"start":{"line":19,"column":2},"end":{"line":21,"column":3}}],"line":19},"3":{"loc":{"start":{"line":19,"column":6},"end":{"line":19,"column":73}},"type":"binary-expr","locations":[{"start":{"line":19,"column":6},"end":{"line":19,"column":30}},{"start":{"line":19,"column":34},"end":{"line":19,"column":73}}],"line":19},"4":{"loc":{"start":{"line":22,"column":2},"end":{"line":24,"column":3}},"type":"if","locations":[{"start":{"line":22,"column":2},"end":{"line":24,"column":3}},{"start":{"line":22,"column":2},"end":{"line":24,"column":3}}],"line":22},"5":{"loc":{"start":{"line":22,"column":6},"end":{"line":22,"column":77}},"type":"binary-expr","locations":[{"start":{"line":22,"column":6},"end":{"line":22,"column":32}},{"start":{"line":22,"column":36},"end":{"line":22,"column":77}}],"line":22},"6":{"loc":{"start":{"line":25,"column":2},"end":{"line":27,"column":3}},"type":"if","locations":[{"start":{"line":25,"column":2},"end":{"line":27,"column":3}},{"start":{"line":25,"column":2},"end":{"line":27,"column":3}}],"line":25},"7":{"loc":{"start":{"line":28,"column":2},"end":{"line":30,"column":3}},"type":"if","locations":[{"start":{"line":28,"column":2},"end":{"line":30,"column":3}},{"start":{"line":28,"column":2},"end":{"line":30,"column":3}}],"line":28},"8":{"loc":{"start":{"line":28,"column":6},"end":{"line":28,"column":66}},"type":"binary-expr","locations":[{"start":{"line":28,"column":6},"end":{"line":28,"column":31}},{"start":{"line":28,"column":35},"end":{"line":28,"column":66}}],"line":28},"9":{"loc":{"start":{"line":31,"column":2},"end":{"line":33,"column":3}},"type":"if","locations":[{"start":{"line":31,"column":2},"end":{"line":33,"column":3}},{"start":{"line":31,"column":2},"end":{"line":33,"column":3}}],"line":31},"10":{"loc":{"start":{"line":34,"column":2},"end":{"line":36,"column":3}},"type":"if","locations":[{"start":{"line":34,"column":2},"end":{"line":36,"column":3}},{"start":{"line":34,"column":2},"end":{"line":36,"column":3}}],"line":34},"11":{"loc":{"start":{"line":34,"column":6},"end":{"line":34,"column":66}},"type":"binary-expr","locations":[{"start":{"line":34,"column":6},"end":{"line":34,"column":31}},{"start":{"line":34,"column":35},"end":{"line":34,"column":66}}],"line":34}},"s":{"0":1,"1":1,"2":1,"3":1,"4":1,"5":2,"6":1,"7":3,"8":3,"9":0,"10":3,"11":0,"12":3,"13":1,"14":3,"15":0,"16":3,"17":1,"18":3,"19":0,"20":3,"21":1},"f":{"0":2,"1":3},"b":{"0":[0,2],"1":[2,2],"2":[0,3],"3":[3,3],"4":[0,3],"5":[3,3],"6":[1,2],"7":[0,3],"8":[3,2],"9":[1,2],"10":[0,3],"11":[3,2]},"_coverageSchema":"332fd63041d2c1bcb487cc26dd0d5f7d97098a6c","hash":"fe750e81ca73019de4a0c31d7de9423ff10ab347","contentHash":"119bc69b3d21468c26ab97ee2e95a020_11.0.2"}}